This is pdfTeX, Version 3.14159265-2.6-1.40.17 (MiKTeX 2.9) (preloaded format=pdflatex 2016.8.22)  9 DEC 2017 20:50
entering extended mode
**./LP.tex
(LP.tex
LaTeX2e <2016/03/31> patch level 3
Babel <3.9r> and hyphenation patterns for 75 language(s) loaded.
("d:\Program Files (x86)\MiKTeX 2.9\tex\latex\base\article.cls"
Document Class: article 2014/09/29 v1.4h Standard LaTeX document class
("d:\Program Files (x86)\MiKTeX 2.9\tex\latex\base\size11.clo"
File: size11.clo 2014/09/29 v1.4h Standard LaTeX file (size option)
)
\c@part=\count79
\c@section=\count80
\c@subsection=\count81
\c@subsubsection=\count82
\c@paragraph=\count83
\c@subparagraph=\count84
\c@figure=\count85
\c@table=\count86
\abovecaptionskip=\skip41
\belowcaptionskip=\skip42
\bibindent=\dimen102
)
("d:\Program Files (x86)\MiKTeX 2.9\tex\latex\base\inputenc.sty"
Package: inputenc 2015/03/17 v1.2c Input encoding file
\inpenc@prehook=\toks14
\inpenc@posthook=\toks15

("d:\Program Files (x86)\MiKTeX 2.9\tex\latex\base\utf8.def"
File: utf8.def 2016/02/28 v1.1s UTF-8 support for inputenc
Now handling font encoding OML ...
... no UTF-8 mapping file for font encoding OML
Now handling font encoding T1 ...
... processing UTF-8 mapping file for font encoding T1

("d:\Program Files (x86)\MiKTeX 2.9\tex\latex\base\t1enc.dfu"
File: t1enc.dfu 2016/02/28 v1.1s UTF-8 support for inputenc
   defining Unicode char U+00A0 (decimal 160)
   defining Unicode char U+00A1 (decimal 161)
   defining Unicode char U+00A3 (decimal 163)
   defining Unicode char U+00AB (decimal 171)
   defining Unicode char U+00AD (decimal 173)
   defining Unicode char U+00BB (decimal 187)
   defining Unicode char U+00BF (decimal 191)
   defining Unicode char U+00C0 (decimal 192)
   defining Unicode char U+00C1 (decimal 193)
   defining Unicode char U+00C2 (decimal 194)
   defining Unicode char U+00C3 (decimal 195)
   defining Unicode char U+00C4 (decimal 196)
   defining Unicode char U+00C5 (decimal 197)
   defining Unicode char U+00C6 (decimal 198)
   defining Unicode char U+00C7 (decimal 199)
   defining Unicode char U+00C8 (decimal 200)
   defining Unicode char U+00C9 (decimal 201)
   defining Unicode char U+00CA (decimal 202)
   defining Unicode char U+00CB (decimal 203)
   defining Unicode char U+00CC (decimal 204)
   defining Unicode char U+00CD (decimal 205)
   defining Unicode char U+00CE (decimal 206)
   defining Unicode char U+00CF (decimal 207)
   defining Unicode char U+00D0 (decimal 208)
   defining Unicode char U+00D1 (decimal 209)
   defining Unicode char U+00D2 (decimal 210)
   defining Unicode char U+00D3 (decimal 211)
   defining Unicode char U+00D4 (decimal 212)
   defining Unicode char U+00D5 (decimal 213)
   defining Unicode char U+00D6 (decimal 214)
   defining Unicode char U+00D8 (decimal 216)
   defining Unicode char U+00D9 (decimal 217)
   defining Unicode char U+00DA (decimal 218)
   defining Unicode char U+00DB (decimal 219)
   defining Unicode char U+00DC (decimal 220)
   defining Unicode char U+00DD (decimal 221)
   defining Unicode char U+00DE (decimal 222)
   defining Unicode char U+00DF (decimal 223)
   defining Unicode char U+00E0 (decimal 224)
   defining Unicode char U+00E1 (decimal 225)
   defining Unicode char U+00E2 (decimal 226)
   defining Unicode char U+00E3 (decimal 227)
   defining Unicode char U+00E4 (decimal 228)
   defining Unicode char U+00E5 (decimal 229)
   defining Unicode char U+00E6 (decimal 230)
   defining Unicode char U+00E7 (decimal 231)
   defining Unicode char U+00E8 (decimal 232)
   defining Unicode char U+00E9 (decimal 233)
   defining Unicode char U+00EA (decimal 234)
   defining Unicode char U+00EB (decimal 235)
   defining Unicode char U+00EC (decimal 236)
   defining Unicode char U+00ED (decimal 237)
   defining Unicode char U+00EE (decimal 238)
   defining Unicode char U+00EF (decimal 239)
   defining Unicode char U+00F0 (decimal 240)
   defining Unicode char U+00F1 (decimal 241)
   defining Unicode char U+00F2 (decimal 242)
   defining Unicode char U+00F3 (decimal 243)
   defining Unicode char U+00F4 (decimal 244)
   defining Unicode char U+00F5 (decimal 245)
   defining Unicode char U+00F6 (decimal 246)
   defining Unicode char U+00F8 (decimal 248)
   defining Unicode char U+00F9 (decimal 249)
   defining Unicode char U+00FA (decimal 250)
   defining Unicode char U+00FB (decimal 251)
   defining Unicode char U+00FC (decimal 252)
   defining Unicode char U+00FD (decimal 253)
   defining Unicode char U+00FE (decimal 254)
   defining Unicode char U+00FF (decimal 255)
   defining Unicode char U+0100 (decimal 256)
   defining Unicode char U+0101 (decimal 257)
   defining Unicode char U+0102 (decimal 258)
   defining Unicode char U+0103 (decimal 259)
   defining Unicode char U+0104 (decimal 260)
   defining Unicode char U+0105 (decimal 261)
   defining Unicode char U+0106 (decimal 262)
   defining Unicode char U+0107 (decimal 263)
   defining Unicode char U+0108 (decimal 264)
   defining Unicode char U+0109 (decimal 265)
   defining Unicode char U+010A (decimal 266)
   defining Unicode char U+010B (decimal 267)
   defining Unicode char U+010C (decimal 268)
   defining Unicode char U+010D (decimal 269)
   defining Unicode char U+010E (decimal 270)
   defining Unicode char U+010F (decimal 271)
   defining Unicode char U+0110 (decimal 272)
   defining Unicode char U+0111 (decimal 273)
   defining Unicode char U+0112 (decimal 274)
   defining Unicode char U+0113 (decimal 275)
   defining Unicode char U+0114 (decimal 276)
   defining Unicode char U+0115 (decimal 277)
   defining Unicode char U+0116 (decimal 278)
   defining Unicode char U+0117 (decimal 279)
   defining Unicode char U+0118 (decimal 280)
   defining Unicode char U+0119 (decimal 281)
   defining Unicode char U+011A (decimal 282)
   defining Unicode char U+011B (decimal 283)
   defining Unicode char U+011C (decimal 284)
   defining Unicode char U+011D (decimal 285)
   defining Unicode char U+011E (decimal 286)
   defining Unicode char U+011F (decimal 287)
   defining Unicode char U+0120 (decimal 288)
   defining Unicode char U+0121 (decimal 289)
   defining Unicode char U+0122 (decimal 290)
   defining Unicode char U+0123 (decimal 291)
   defining Unicode char U+0124 (decimal 292)
   defining Unicode char U+0125 (decimal 293)
   defining Unicode char U+0128 (decimal 296)
   defining Unicode char U+0129 (decimal 297)
   defining Unicode char U+012A (decimal 298)
   defining Unicode char U+012B (decimal 299)
   defining Unicode char U+012C (decimal 300)
   defining Unicode char U+012D (decimal 301)
   defining Unicode char U+012E (decimal 302)
   defining Unicode char U+012F (decimal 303)
   defining Unicode char U+0130 (decimal 304)
   defining Unicode char U+0131 (decimal 305)
   defining Unicode char U+0132 (decimal 306)
   defining Unicode char U+0133 (decimal 307)
   defining Unicode char U+0134 (decimal 308)
   defining Unicode char U+0135 (decimal 309)
   defining Unicode char U+0136 (decimal 310)
   defining Unicode char U+0137 (decimal 311)
   defining Unicode char U+0139 (decimal 313)
   defining Unicode char U+013A (decimal 314)
   defining Unicode char U+013B (decimal 315)
   defining Unicode char U+013C (decimal 316)
   defining Unicode char U+013D (decimal 317)
   defining Unicode char U+013E (decimal 318)
   defining Unicode char U+0141 (decimal 321)
   defining Unicode char U+0142 (decimal 322)
   defining Unicode char U+0143 (decimal 323)
   defining Unicode char U+0144 (decimal 324)
   defining Unicode char U+0145 (decimal 325)
   defining Unicode char U+0146 (decimal 326)
   defining Unicode char U+0147 (decimal 327)
   defining Unicode char U+0148 (decimal 328)
   defining Unicode char U+014A (decimal 330)
   defining Unicode char U+014B (decimal 331)
   defining Unicode char U+014C (decimal 332)
   defining Unicode char U+014D (decimal 333)
   defining Unicode char U+014E (decimal 334)
   defining Unicode char U+014F (decimal 335)
   defining Unicode char U+0150 (decimal 336)
   defining Unicode char U+0151 (decimal 337)
   defining Unicode char U+0152 (decimal 338)
   defining Unicode char U+0153 (decimal 339)
   defining Unicode char U+0154 (decimal 340)
   defining Unicode char U+0155 (decimal 341)
   defining Unicode char U+0156 (decimal 342)
   defining Unicode char U+0157 (decimal 343)
   defining Unicode char U+0158 (decimal 344)
   defining Unicode char U+0159 (decimal 345)
   defining Unicode char U+015A (decimal 346)
   defining Unicode char U+015B (decimal 347)
   defining Unicode char U+015C (decimal 348)
   defining Unicode char U+015D (decimal 349)
   defining Unicode char U+015E (decimal 350)
   defining Unicode char U+015F (decimal 351)
   defining Unicode char U+0160 (decimal 352)
   defining Unicode char U+0161 (decimal 353)
   defining Unicode char U+0162 (decimal 354)
   defining Unicode char U+0163 (decimal 355)
   defining Unicode char U+0164 (decimal 356)
   defining Unicode char U+0165 (decimal 357)
   defining Unicode char U+0168 (decimal 360)
   defining Unicode char U+0169 (decimal 361)
   defining Unicode char U+016A (decimal 362)
   defining Unicode char U+016B (decimal 363)
   defining Unicode char U+016C (decimal 364)
   defining Unicode char U+016D (decimal 365)
   defining Unicode char U+016E (decimal 366)
   defining Unicode char U+016F (decimal 367)
   defining Unicode char U+0170 (decimal 368)
   defining Unicode char U+0171 (decimal 369)
   defining Unicode char U+0172 (decimal 370)
   defining Unicode char U+0173 (decimal 371)
   defining Unicode char U+0174 (decimal 372)
   defining Unicode char U+0175 (decimal 373)
   defining Unicode char U+0176 (decimal 374)
   defining Unicode char U+0177 (decimal 375)
   defining Unicode char U+0178 (decimal 376)
   defining Unicode char U+0179 (decimal 377)
   defining Unicode char U+017A (decimal 378)
   defining Unicode char U+017B (decimal 379)
   defining Unicode char U+017C (decimal 380)
   defining Unicode char U+017D (decimal 381)
   defining Unicode char U+017E (decimal 382)
   defining Unicode char U+01CD (decimal 461)
   defining Unicode char U+01CE (decimal 462)
   defining Unicode char U+01CF (decimal 463)
   defining Unicode char U+01D0 (decimal 464)
   defining Unicode char U+01D1 (decimal 465)
   defining Unicode char U+01D2 (decimal 466)
   defining Unicode char U+01D3 (decimal 467)
   defining Unicode char U+01D4 (decimal 468)
   defining Unicode char U+01E2 (decimal 482)
   defining Unicode char U+01E3 (decimal 483)
   defining Unicode char U+01E6 (decimal 486)
   defining Unicode char U+01E7 (decimal 487)
   defining Unicode char U+01E8 (decimal 488)
   defining Unicode char U+01E9 (decimal 489)
   defining Unicode char U+01EA (decimal 490)
   defining Unicode char U+01EB (decimal 491)
   defining Unicode char U+01F0 (decimal 496)
   defining Unicode char U+01F4 (decimal 500)
   defining Unicode char U+01F5 (decimal 501)
   defining Unicode char U+0218 (decimal 536)
   defining Unicode char U+0219 (decimal 537)
   defining Unicode char U+021A (decimal 538)
   defining Unicode char U+021B (decimal 539)
   defining Unicode char U+1E02 (decimal 7682)
   defining Unicode char U+1E03 (decimal 7683)
   defining Unicode char U+200C (decimal 8204)
   defining Unicode char U+2010 (decimal 8208)
   defining Unicode char U+2011 (decimal 8209)
   defining Unicode char U+2012 (decimal 8210)
   defining Unicode char U+2013 (decimal 8211)
   defining Unicode char U+2014 (decimal 8212)
   defining Unicode char U+2015 (decimal 8213)
   defining Unicode char U+2018 (decimal 8216)
   defining Unicode char U+2019 (decimal 8217)
   defining Unicode char U+201A (decimal 8218)
   defining Unicode char U+201C (decimal 8220)
   defining Unicode char U+201D (decimal 8221)
   defining Unicode char U+201E (decimal 8222)
   defining Unicode char U+2030 (decimal 8240)
   defining Unicode char U+2031 (decimal 8241)
   defining Unicode char U+2039 (decimal 8249)
   defining Unicode char U+203A (decimal 8250)
   defining Unicode char U+2423 (decimal 9251)
)
Now handling font encoding OT1 ...
... processing UTF-8 mapping file for font encoding OT1

("d:\Program Files (x86)\MiKTeX 2.9\tex\latex\base\ot1enc.dfu"
File: ot1enc.dfu 2016/02/28 v1.1s UTF-8 support for inputenc
   defining Unicode char U+00A0 (decimal 160)
   defining Unicode char U+00A1 (decimal 161)
   defining Unicode char U+00A3 (decimal 163)
   defining Unicode char U+00AD (decimal 173)
   defining Unicode char U+00B8 (decimal 184)
   defining Unicode char U+00BF (decimal 191)
   defining Unicode char U+00C5 (decimal 197)
   defining Unicode char U+00C6 (decimal 198)
   defining Unicode char U+00D8 (decimal 216)
   defining Unicode char U+00DF (decimal 223)
   defining Unicode char U+00E6 (decimal 230)
   defining Unicode char U+00EC (decimal 236)
   defining Unicode char U+00ED (decimal 237)
   defining Unicode char U+00EE (decimal 238)
   defining Unicode char U+00EF (decimal 239)
   defining Unicode char U+00F8 (decimal 248)
   defining Unicode char U+0131 (decimal 305)
   defining Unicode char U+0141 (decimal 321)
   defining Unicode char U+0142 (decimal 322)
   defining Unicode char U+0152 (decimal 338)
   defining Unicode char U+0153 (decimal 339)
   defining Unicode char U+0174 (decimal 372)
   defining Unicode char U+0175 (decimal 373)
   defining Unicode char U+0176 (decimal 374)
   defining Unicode char U+0177 (decimal 375)
   defining Unicode char U+0218 (decimal 536)
   defining Unicode char U+0219 (decimal 537)
   defining Unicode char U+021A (decimal 538)
   defining Unicode char U+021B (decimal 539)
   defining Unicode char U+2013 (decimal 8211)
   defining Unicode char U+2014 (decimal 8212)
   defining Unicode char U+2018 (decimal 8216)
   defining Unicode char U+2019 (decimal 8217)
   defining Unicode char U+201C (decimal 8220)
   defining Unicode char U+201D (decimal 8221)
)
Now handling font encoding OMS ...
... processing UTF-8 mapping file for font encoding OMS

("d:\Program Files (x86)\MiKTeX 2.9\tex\latex\base\omsenc.dfu"
File: omsenc.dfu 2016/02/28 v1.1s UTF-8 support for inputenc
   defining Unicode char U+00A7 (decimal 167)
   defining Unicode char U+00B6 (decimal 182)
   defining Unicode char U+00B7 (decimal 183)
   defining Unicode char U+2020 (decimal 8224)
   defining Unicode char U+2021 (decimal 8225)
   defining Unicode char U+2022 (decimal 8226)
)
Now handling font encoding OMX ...
... no UTF-8 mapping file for font encoding OMX
Now handling font encoding U ...
... no UTF-8 mapping file for font encoding U
   defining Unicode char U+00A9 (decimal 169)
   defining Unicode char U+00AA (decimal 170)
   defining Unicode char U+00AE (decimal 174)
   defining Unicode char U+00BA (decimal 186)
   defining Unicode char U+02C6 (decimal 710)
   defining Unicode char U+02DC (decimal 732)
   defining Unicode char U+200C (decimal 8204)
   defining Unicode char U+2026 (decimal 8230)
   defining Unicode char U+2122 (decimal 8482)
   defining Unicode char U+2423 (decimal 9251)
))
("d:\Program Files (x86)\MiKTeX 2.9\tex\generic\babel\babel.sty"
Package: babel 2016/04/23 3.9r The Babel package

*************************************
* Local config file bblopts.cfg used
*
("d:\Program Files (x86)\MiKTeX 2.9\tex\latex\arabi\bblopts.cfg"
File: bblopts.cfg 2005/09/08 v0.1 add Arabic and Farsi to "declared" options of
 babel
)
("d:\Program Files (x86)\MiKTeX 2.9\tex\latex\babel-english\english.ldf"
Language: english 2012/08/20 v3.3p English support from the babel system

("d:\Program Files (x86)\MiKTeX 2.9\tex\generic\babel\babel.def"
File: babel.def 2016/04/23 3.9r Babel common definitions
\babel@savecnt=\count87
\U@D=\dimen103
)
\l@canadian = a dialect from \language\l@american 
\l@australian = a dialect from \language\l@british 
\l@newzealand = a dialect from \language\l@british 
)
("d:\Program Files (x86)\MiKTeX 2.9\tex\latex\babel-polish\polish.ldf"
Language: polish 2005/03/31 v1.2l Polish support from the babel system
Package babel Info: Making " an active character on input line 83.
\pl@left=\dimen104
\pl@down=\dimen105
\pl@right=\dimen106
\pl@temp=\dimen107
))
("d:\Program Files (x86)\MiKTeX 2.9\tex\latex\polski\polski.sty"
Package: polski 2008/02/24 v1.3.3 Polish language package

Document language package `polski' v1.3.3 <2008/02/24>
   Inputenc package detected. Catcodes not changed.
\l@nohyphenation=\language75
   Switching to Polish text encoding and Polish maths fonts.
("d:\Program Files (x86)\MiKTeX 2.9\tex\latex\base\ot4enc.def"
File: ot4enc.def 2016/06/19 v1.99m Standard LaTeX file
Now handling font encoding OT4 ...
... no UTF-8 mapping file for font encoding OT4
)
LaTeX Font Info:    Try loading font information for OT4+cmr on input line 346.


("d:\Program Files (x86)\MiKTeX 2.9\tex\latex\polski\ot4cmr.fd"
File: ot4cmr.fd 2008/02/24 v1.2.1 Font defs for fonts PL (MW)
)
LaTeX Font Info:    Overwriting math alphabet `\mathbf' in version `normal'
(Font)                  OT1/cmr/bx/n --> OT4/cmr/bx/n on input line 346.
LaTeX Font Info:    Overwriting math alphabet `\mathsf' in version `normal'
(Font)                  OT1/cmss/m/n --> OT4/cmss/m/n on input line 346.
LaTeX Font Info:    Overwriting math alphabet `\mathit' in version `normal'
(Font)                  OT1/cmr/m/it --> OT4/cmr/m/it on input line 346.
LaTeX Font Info:    Overwriting math alphabet `\mathtt' in version `normal'
(Font)                  OT1/cmtt/m/n --> OT4/cmtt/m/n on input line 346.
LaTeX Font Info:    Overwriting math alphabet `\mathsf' in version `bold'
(Font)                  OT1/cmss/bx/n --> OT4/cmss/bx/n on input line 346.
LaTeX Font Info:    Overwriting math alphabet `\mathit' in version `bold'
(Font)                  OT1/cmr/bx/it --> OT4/cmr/bx/it on input line 346.
LaTeX Font Info:    Encoding `OT1' has changed to `OT4' for symbol font
(Font)              `operators' in the math version `normal' on input line 346.

LaTeX Font Info:    Overwriting symbol font `operators' in version `normal'
(Font)                  OT1/cmr/m/n --> OT4/cmr/m/n on input line 346.
LaTeX Font Info:    Overwriting symbol font `letters' in version `normal'
(Font)                  OML/cmm/m/it --> OML/plm/m/it on input line 346.
LaTeX Font Info:    Overwriting symbol font `symbols' in version `normal'
(Font)                  OMS/cmsy/m/n --> OMS/plsy/m/n on input line 346.
LaTeX Font Info:    Overwriting symbol font `largesymbols' in version `normal'
(Font)                  OMX/cmex/m/n --> OMX/plex/m/n on input line 346.
LaTeX Font Info:    Encoding `OT1' has changed to `OT4' for symbol font
(Font)              `operators' in the math version `bold' on input line 346.
LaTeX Font Info:    Overwriting symbol font `operators' in version `bold'
(Font)                  OT1/cmr/bx/n --> OT4/cmr/bx/n on input line 346.
LaTeX Font Info:    Overwriting symbol font `letters' in version `bold'
(Font)                  OML/cmm/b/it --> OML/plm/b/it on input line 346.
LaTeX Font Info:    Overwriting symbol font `symbols' in version `bold'
(Font)                  OMS/cmsy/b/n --> OMS/plsy/b/n on input line 346.
)
("d:\Program Files (x86)\MiKTeX 2.9\tex\latex\amsfonts\amsfonts.sty"
Package: amsfonts 2013/01/14 v3.01 Basic AMSFonts support
\@emptytoks=\toks16
\symAMSa=\mathgroup4
\symAMSb=\mathgroup5
LaTeX Font Info:    Overwriting math alphabet `\mathfrak' in version `bold'
(Font)                  U/euf/m/n --> U/euf/b/n on input line 106.
)
("d:\Program Files (x86)\MiKTeX 2.9\tex\latex\geometry\geometry.sty"
Package: geometry 2010/09/12 v5.6 Page Geometry

("d:\Program Files (x86)\MiKTeX 2.9\tex\latex\graphics\keyval.sty"
Package: keyval 2014/10/28 v1.15 key=value parser (DPC)
\KV@toks@=\toks17
)
("d:\Program Files (x86)\MiKTeX 2.9\tex\generic\oberdiek\ifpdf.sty"
Package: ifpdf 2016/05/14 v3.1 Provides the ifpdf switch
)
("d:\Program Files (x86)\MiKTeX 2.9\tex\generic\oberdiek\ifvtex.sty"
Package: ifvtex 2016/05/16 v1.6 Detect VTeX and its facilities (HO)
Package ifvtex Info: VTeX not detected.
)
("d:\Program Files (x86)\MiKTeX 2.9\tex\generic\ifxetex\ifxetex.sty"
Package: ifxetex 2010/09/12 v0.6 Provides ifxetex conditional
)
\Gm@cnth=\count88
\Gm@cntv=\count89
\c@Gm@tempcnt=\count90
\Gm@bindingoffset=\dimen108
\Gm@wd@mp=\dimen109
\Gm@odd@mp=\dimen110
\Gm@even@mp=\dimen111
\Gm@layoutwidth=\dimen112
\Gm@layoutheight=\dimen113
\Gm@layouthoffset=\dimen114
\Gm@layoutvoffset=\dimen115
\Gm@dimlist=\toks18

("d:\Program Files (x86)\MiKTeX 2.9\tex\latex\geometry\geometry.cfg"))
("d:\Program Files (x86)\MiKTeX 2.9\tex\latex\siunitx\siunitx.sty"
("d:\Program Files (x86)\MiKTeX 2.9\tex\latex\l3kernel\expl3.sty"
Package: expl3 2016/10/19 v6730 L3 programming layer (loader) 

("d:\Program Files (x86)\MiKTeX 2.9\tex\latex\l3kernel\expl3-code.tex"
Package: expl3 2016/10/19 v6730 L3 programming layer (code)
L3 Module: l3bootstrap 2016/06/13 v6596 L3 Bootstrap code
L3 Module: l3names 2016/10/13 v6722 L3 Namespace for primitives
L3 Module: l3basics 2016/09/01 v6696 L3 Basic definitions
L3 Module: l3expan 2016/08/19 v6684 L3 Argument expansion
L3 Module: l3tl 2016/08/19 v6692 L3 Token lists
L3 Module: l3str 2016/08/19 v6692 L3 Strings
L3 Module: l3seq 2016/08/19 v6685 L3 Sequences and stacks
L3 Module: l3int 2016/09/07 v6700 L3 Integers
\c_max_int=\count91
\l_tmpa_int=\count92
\l_tmpb_int=\count93
\g_tmpa_int=\count94
\g_tmpb_int=\count95
L3 Module: l3quark 2016/08/19 v6685 L3 Quarks
L3 Module: l3prg 2016/08/18 v6679 L3 Control structures
\g__prg_map_int=\count96
L3 Module: l3clist 2016/08/19 v6685 L3 Comma separated lists
L3 Module: l3token 2016/09/01 v6695 L3 Experimental token manipulation
L3 Module: l3prop 2016/08/19 v6685 L3 Property lists
L3 Module: l3msg 2016/08/19 v6691 L3 Messages
L3 Module: l3file 2016/08/19 v6685 L3 File and I/O operations
\l_iow_line_count_int=\count97
\l__iow_target_count_int=\count98
\l__iow_current_line_int=\count99
\l__iow_current_word_int=\count100
\l__iow_current_indentation_int=\count101
L3 Module: l3skip 2016/08/19 v6692 L3 Dimensions and skips
\c_zero_dim=\dimen116
\c_max_dim=\dimen117
\l_tmpa_dim=\dimen118
\l_tmpb_dim=\dimen119
\g_tmpa_dim=\dimen120
\g_tmpb_dim=\dimen121
\c_zero_skip=\skip43
\c_max_skip=\skip44
\l_tmpa_skip=\skip45
\l_tmpb_skip=\skip46
\g_tmpa_skip=\skip47
\g_tmpb_skip=\skip48
\c_zero_muskip=\muskip10
\c_max_muskip=\muskip11
\l_tmpa_muskip=\muskip12
\l_tmpb_muskip=\muskip13
\g_tmpa_muskip=\muskip14
\g_tmpb_muskip=\muskip15
L3 Module: l3keys 2016/09/21 v6711 L3 Key-value interfaces
\l_keys_choice_int=\count102
L3 Module: l3fp 2016/08/19 v6685 L3 Floating points
\c__fp_leading_shift_int=\count103
\c__fp_middle_shift_int=\count104
\c__fp_trailing_shift_int=\count105
\c__fp_big_leading_shift_int=\count106
\c__fp_big_middle_shift_int=\count107
\c__fp_big_trailing_shift_int=\count108
\c__fp_Bigg_leading_shift_int=\count109
\c__fp_Bigg_middle_shift_int=\count110
\c__fp_Bigg_trailing_shift_int=\count111
L3 Module: l3box 2016/08/19 v6685 L3 Experimental boxes
\c_empty_box=\box26
\l_tmpa_box=\box27
\l_tmpb_box=\box28
\g_tmpa_box=\box29
\g_tmpb_box=\box30
L3 Module: l3coffins 2016/08/19 v6685 L3 Coffin code layer
\l__coffin_internal_box=\box31
\l__coffin_internal_dim=\dimen122
\l__coffin_offset_x_dim=\dimen123
\l__coffin_offset_y_dim=\dimen124
\l__coffin_x_dim=\dimen125
\l__coffin_y_dim=\dimen126
\l__coffin_x_prime_dim=\dimen127
\l__coffin_y_prime_dim=\dimen128
\c_empty_coffin=\box32
\l__coffin_aligned_coffin=\box33
\l__coffin_aligned_internal_coffin=\box34
\l_tmpa_coffin=\box35
\l_tmpb_coffin=\box36
\l__coffin_display_coffin=\box37
\l__coffin_display_coord_coffin=\box38
\l__coffin_display_pole_coffin=\box39
\l__coffin_display_offset_dim=\dimen129
\l__coffin_display_x_dim=\dimen130
\l__coffin_display_y_dim=\dimen131
L3 Module: l3color 2016/06/13 v6596 L3 Experimental color support
L3 Module: l3sys 2015/09/25 v6087 L3 Experimental system/runtime functions
L3 Module: l3candidates 2016/08/19 v6688 L3 Experimental additions to l3kernel
\l__box_top_dim=\dimen132
\l__box_bottom_dim=\dimen133
\l__box_left_dim=\dimen134
\l__box_right_dim=\dimen135
\l__box_top_new_dim=\dimen136
\l__box_bottom_new_dim=\dimen137
\l__box_left_new_dim=\dimen138
\l__box_right_new_dim=\dimen139
\l__box_internal_box=\box40
\l__coffin_bounding_shift_dim=\dimen140
\l__coffin_left_corner_dim=\dimen141
\l__coffin_right_corner_dim=\dimen142
\l__coffin_bottom_corner_dim=\dimen143
\l__coffin_top_corner_dim=\dimen144
\l__coffin_scaled_total_height_dim=\dimen145
\l__coffin_scaled_width_dim=\dimen146
L3 Module: l3luatex 2016/08/18 v6679 L3 Experimental LuaTeX-specific functions
)
("d:\Program Files (x86)\MiKTeX 2.9\tex\latex\l3kernel\l3pdfmode.def"
File: l3pdfmode.def 2016/08/18 v6679 L3 Experimental driver: PDF mode
\l__driver_color_stack_int=\count112
\l__driver_tmp_box=\box41
))
("d:\Program Files (x86)\MiKTeX 2.9\tex\latex\l3packages\xparse\xparse.sty"
Package: xparse 2016/10/19 v6730 L3 Experimental document command parser
\l__xparse_current_arg_int=\count113
\l__xparse_m_args_int=\count114
\l__xparse_mandatory_args_int=\count115
\l__xparse_processor_int=\count116
\l__xparse_v_nesting_int=\count117
)
Package: siunitx 2016/09/02 v2.6s A comprehensive (SI) units package

("d:\Program Files (x86)\MiKTeX 2.9\tex\latex\amsmath\amstext.sty"
Package: amstext 2000/06/29 v2.01 AMS text

("d:\Program Files (x86)\MiKTeX 2.9\tex\latex\amsmath\amsgen.sty"
File: amsgen.sty 1999/11/30 v2.0 generic functions
\@emptytoks=\toks19
\ex@=\dimen147
))
("d:\Program Files (x86)\MiKTeX 2.9\tex\latex\tools\array.sty"
Package: array 2014/10/28 v2.4c Tabular extension package (FMi)
\col@sep=\dimen148
\extrarowheight=\dimen149
\NC@list=\toks20
\extratabsurround=\skip49
\backup@length=\skip50
)
("d:\Program Files (x86)\MiKTeX 2.9\tex\latex\l3packages\l3keys2e\l3keys2e.sty"
Package: l3keys2e 2016/10/19 v6730 LaTeX2e option processing using LaTeX3 keys
)
\l__siunitx_tmp_box=\box42
\l__siunitx_tmp_dim=\dimen150
\l__siunitx_tmp_int=\count118
\l__siunitx_number_mantissa_length_int=\count119
\l__siunitx_number_uncert_length_int=\count120
\l__siunitx_round_int=\count121
\l__siunitx_process_decimal_int=\count122
\l__siunitx_process_uncertainty_int=\count123
\l__siunitx_process_fixed_int=\count124
\l__siunitx_process_integer_min_int=\count125
\l__siunitx_process_precision_int=\count126
\l__siunitx_group_min_int=\count127
\l__siunitx_angle_marker_box=\box43
\l__siunitx_angle_unit_box=\box44
\l__siunitx_angle_marker_dim=\dimen151
\l__siunitx_angle_unit_dim=\dimen152
\l__siunitx_unit_int=\count128
\l__siunitx_unit_denominator_int=\count129
\l__siunitx_unit_numerator_int=\count130
\l__siunitx_unit_prefix_int=\count131
\l__siunitx_unit_prefix_base_int=\count132
\l__siunitx_unit_prefix_gram_int=\count133
\l__siunitx_number_product_int=\count134
\c__siunitx_one_fill_skip=\skip51
\l__siunitx_table_unit_align_skip=\skip52
\l__siunitx_table_exponent_dim=\dimen153
\l__siunitx_table_integer_dim=\dimen154
\l__siunitx_table_mantissa_dim=\dimen155
\l__siunitx_table_marker_dim=\dimen156
\l__siunitx_table_result_dim=\dimen157
\l__siunitx_table_uncert_dim=\dimen158
\l__siunitx_table_fill_pre_dim=\dimen159
\l__siunitx_table_fill_post_dim=\dimen160
\l__siunitx_table_fill_mid_dim=\dimen161
\l__siunitx_table_pre_box=\box45
\l__siunitx_table_post_box=\box46
\l__siunitx_table_mantissa_box=\box47
\l__siunitx_table_result_box=\box48
\l__siunitx_table_number_align_skip=\skip53
\l__siunitx_table_text_align_skip=\skip54
.................................................
. LaTeX info: "xparse/define-command"
. 
. Defining command \DeclareBinaryPrefix with sig. 'mmm' on line 7237.
.................................................
.................................................
. LaTeX info: "xparse/define-command"
. 
. Defining command \DeclareSIPostPower with sig. 'mm' on line 7240.
.................................................
.................................................
. LaTeX info: "xparse/define-command"
. 
. Defining command \DeclareSIPrefix with sig. 'mmm' on line 7243.
.................................................
.................................................
. LaTeX info: "xparse/define-command"
. 
. Defining command \DeclareSIPrePower with sig. 'mm' on line 7246.
.................................................
.................................................
. LaTeX info: "xparse/define-command"
. 
. Defining command \DeclareSIQualifier with sig. 'mm' on line 7249.
.................................................
.................................................
. LaTeX info: "xparse/define-command"
. 
. Defining command \DeclareSIUnit with sig. 'O{}mm' on line 7252.
.................................................
.................................................
. LaTeX info: "xparse/define-command"
. 
. Defining command \DeclareSIUnitWithOptions with sig. 'mmm' on line 7255.
.................................................
.................................................
. LaTeX info: "xparse/define-command"
. 
. Defining command \ang with sig. 'o>{\SplitArgument {2}{;}}m' on line 7270.
.................................................
.................................................
. LaTeX info: "xparse/define-command"
. 
. Defining command \num with sig. 'om' on line 7279.
.................................................
.................................................
. LaTeX info: "xparse/define-command"
. 
. Defining command \numlist with sig. 'o>{\SplitList {;}}m' on line 7288.
.................................................
.................................................
. LaTeX info: "xparse/define-command"
. 
. Defining command \numrange with sig. 'omm' on line 7297.
.................................................
.................................................
. LaTeX info: "xparse/define-command"
. 
. Defining command \SIlist with sig. 'o>{\SplitList {;}}mm' on line 7309.
.................................................
.................................................
. LaTeX info: "xparse/define-command"
. 
. Defining command \SIrange with sig. 'ommm' on line 7321.
.................................................
.................................................
. LaTeX info: "xparse/define-command"
. 
. Defining command \SI with sig. 'omom' on line 7333.
.................................................
.................................................
. LaTeX info: "xparse/define-command"
. 
. Defining command \sisetup with sig. 'm' on line 7336.
.................................................
.................................................
. LaTeX info: "xparse/define-command"
. 
. Defining command \tablenum with sig. 'om' on line 7351.
.................................................
.................................................
. LaTeX info: "xparse/define-command"
. 
. Defining command \si with sig. 'om' on line 7363.
.................................................
.................................................
. LaTeX info: "xparse/define-command"
. 
. Defining command \__siunitx_bookmark_num:w with sig. 'om' on line 7410.
.................................................
.................................................
. LaTeX info: "xparse/define-command"
. 
. Defining command \__siunitx_bookmark_numrange:w with sig. 'omm' on line
. 7412.
.................................................
.................................................
. LaTeX info: "xparse/define-command"
. 
. Defining command \__siunitx_bookmark_SI:w with sig. 'omom' on line 7414.
.................................................
.................................................
. LaTeX info: "xparse/define-command"
. 
. Defining command \__siunitx_bookmark_SIlist:w with sig. 'omm' on line 7416.
.................................................
.................................................
. LaTeX info: "xparse/define-command"
. 
. Defining command \__siunitx_bookmark_SIrange:w with sig. 'ommm' on line
. 7418.
.................................................
.................................................
. LaTeX info: "xparse/define-command"
. 
. Defining command \__siunitx_bookmark_si:w with sig. 'om' on line 7419.
.................................................
\g__file_internal_ior=\read1

("d:\Program Files (x86)\MiKTeX 2.9\tex\latex\beamer\base\translator\translator
.sty"
Package: translator 2010/06/12 ver 1.10

("d:\Program Files (x86)\MiKTeX 2.9\tex\latex\beamer\base\translator\translator
-language-mappings.tex")))
("d:\Program Files (x86)\MiKTeX 2.9\tex\latex\graphics\graphicx.sty"
Package: graphicx 2014/10/28 v1.0g Enhanced LaTeX Graphics (DPC,SPQR)

("d:\Program Files (x86)\MiKTeX 2.9\tex\latex\graphics\graphics.sty"
Package: graphics 2016/07/10 v1.0t Standard LaTeX Graphics (DPC,SPQR)

("d:\Program Files (x86)\MiKTeX 2.9\tex\latex\graphics\trig.sty"
Package: trig 2016/01/03 v1.10 sin cos tan (DPC)
)
("d:\Program Files (x86)\MiKTeX 2.9\tex\latex\00miktex\graphics.cfg"
File: graphics.cfg 2016/06/04 v1.11 sample graphics configuration
)
Package graphics Info: Driver file: pdftex.def on input line 99.

("d:\Program Files (x86)\MiKTeX 2.9\tex\latex\graphics-def\pdftex.def"
File: pdftex.def 2016/07/10 v0.06j Graphics/color for pdfTeX

("d:\Program Files (x86)\MiKTeX 2.9\tex\generic\oberdiek\infwarerr.sty"
Package: infwarerr 2016/05/16 v1.4 Providing info/warning/error messages (HO)
)
("d:\Program Files (x86)\MiKTeX 2.9\tex\generic\oberdiek\ltxcmds.sty"
Package: ltxcmds 2016/05/16 v1.23 LaTeX kernel commands for general use (HO)
)
\Gread@gobject=\count135
))
\Gin@req@height=\dimen162
\Gin@req@width=\dimen163
)
("d:\Program Files (x86)\MiKTeX 2.9\tex\latex\natbib\natbib.sty"
Package: natbib 2010/09/13 8.31b (PWD, AO)
\bibhang=\skip55
\bibsep=\skip56
LaTeX Info: Redefining \cite on input line 694.
\c@NAT@ctr=\count136
)
("d:\Program Files (x86)\MiKTeX 2.9\tex\latex\amsmath\amsmath.sty"
Package: amsmath 2016/06/28 v2.15d AMS math features
\@mathmargin=\skip57

For additional information on amsmath, use the `?' option.
("d:\Program Files (x86)\MiKTeX 2.9\tex\latex\amsmath\amsbsy.sty"
Package: amsbsy 1999/11/29 v1.2d Bold Symbols
\pmbraise@=\dimen164
)
("d:\Program Files (x86)\MiKTeX 2.9\tex\latex\amsmath\amsopn.sty"
Package: amsopn 2016/03/08 v2.02 operator names
)
\inf@bad=\count137
LaTeX Info: Redefining \frac on input line 199.
\uproot@=\count138
\leftroot@=\count139
LaTeX Info: Redefining \overline on input line 297.
\classnum@=\count140
\DOTSCASE@=\count141
LaTeX Info: Redefining \ldots on input line 394.
LaTeX Info: Redefining \dots on input line 397.
LaTeX Info: Redefining \cdots on input line 518.
\Mathstrutbox@=\box49
\strutbox@=\box50
\big@size=\dimen165
LaTeX Font Info:    Redeclaring font encoding OML on input line 634.
LaTeX Font Info:    Redeclaring font encoding OMS on input line 635.
\macc@depth=\count142
\c@MaxMatrixCols=\count143
\dotsspace@=\muskip16
\c@parentequation=\count144
\dspbrk@lvl=\count145
\tag@help=\toks21
\row@=\count146
\column@=\count147
\maxfields@=\count148
\andhelp@=\toks22
\eqnshift@=\dimen166
\alignsep@=\dimen167
\tagshift@=\dimen168
\tagwidth@=\dimen169
\totwidth@=\dimen170
\lineht@=\dimen171
\@envbody=\toks23
\multlinegap=\skip58
\multlinetaggap=\skip59
\mathdisplay@stack=\toks24
LaTeX Info: Redefining \[ on input line 2739.
LaTeX Info: Redefining \] on input line 2740.
)
("d:\Program Files (x86)\MiKTeX 2.9\tex\latex\oberdiek\epstopdf.sty"
Package: epstopdf 2016/05/15 v2.6 Conversion with epstopdf on the fly (HO)

("d:\Program Files (x86)\MiKTeX 2.9\tex\latex\oberdiek\epstopdf-base.sty"
Package: epstopdf-base 2016/05/15 v2.6 Base part for package epstopdf

("d:\Program Files (x86)\MiKTeX 2.9\tex\latex\oberdiek\grfext.sty"
Package: grfext 2016/05/16 v1.2 Manage graphics extensions (HO)

("d:\Program Files (x86)\MiKTeX 2.9\tex\generic\oberdiek\kvdefinekeys.sty"
Package: kvdefinekeys 2016/05/16 v1.4 Define keys (HO)
))
("d:\Program Files (x86)\MiKTeX 2.9\tex\latex\oberdiek\kvoptions.sty"
Package: kvoptions 2016/05/16 v3.12 Key value format for package options (HO)

("d:\Program Files (x86)\MiKTeX 2.9\tex\generic\oberdiek\kvsetkeys.sty"
Package: kvsetkeys 2016/05/16 v1.17 Key value parser (HO)

("d:\Program Files (x86)\MiKTeX 2.9\tex\generic\oberdiek\etexcmds.sty"
Package: etexcmds 2016/05/16 v1.6 Avoid name clashes with e-TeX commands (HO)

("d:\Program Files (x86)\MiKTeX 2.9\tex\generic\oberdiek\ifluatex.sty"
Package: ifluatex 2016/05/16 v1.4 Provides the ifluatex switch (HO)
Package ifluatex Info: LuaTeX not detected.
)
Package etexcmds Info: Could not find \expanded.
(etexcmds)             That can mean that you are not using pdfTeX 1.50 or
(etexcmds)             that some package has redefined \expanded.
(etexcmds)             In the latter case, load this package earlier.
)))
("d:\Program Files (x86)\MiKTeX 2.9\tex\generic\oberdiek\pdftexcmds.sty"
Package: pdftexcmds 2016/05/21 v0.22 Utility functions of pdfTeX for LuaTeX (HO
)
Package pdftexcmds Info: LuaTeX not detected.
Package pdftexcmds Info: \pdf@primitive is available.
Package pdftexcmds Info: \pdf@ifprimitive is available.
Package pdftexcmds Info: \pdfdraftmode found.
)
Package epstopdf-base Info: Redefining graphics rule for `.eps' on input line 4
38.
Package grfext Info: Graphics extension search list:
(grfext)             [.png,.pdf,.jpg,.mps,.jpeg,.jbig2,.jb2,.PNG,.PDF,.JPG,.JPE
G,.JBIG2,.JB2,.eps]
(grfext)             \AppendGraphicsExtensions on input line 456.
))
("d:\Program Files (x86)\MiKTeX 2.9\tex\latex\hyperref\hyperref.sty"
Package: hyperref 2016/06/24 v6.83q Hypertext links for LaTeX

("d:\Program Files (x86)\MiKTeX 2.9\tex\generic\oberdiek\hobsub-hyperref.sty"
Package: hobsub-hyperref 2016/05/16 v1.14 Bundle oberdiek, subset hyperref (HO)


("d:\Program Files (x86)\MiKTeX 2.9\tex\generic\oberdiek\hobsub-generic.sty"
Package: hobsub-generic 2016/05/16 v1.14 Bundle oberdiek, subset generic (HO)
Package: hobsub 2016/05/16 v1.14 Construct package bundles (HO)
Package hobsub Info: Skipping package `infwarerr' (already loaded).
Package hobsub Info: Skipping package `ltxcmds' (already loaded).
Package hobsub Info: Skipping package `ifluatex' (already loaded).
Package hobsub Info: Skipping package `ifvtex' (already loaded).
Package: intcalc 2016/05/16 v1.2 Expandable calculations with integers (HO)
Package hobsub Info: Skipping package `ifpdf' (already loaded).
Package hobsub Info: Skipping package `etexcmds' (already loaded).
Package hobsub Info: Skipping package `kvsetkeys' (already loaded).
Package hobsub Info: Skipping package `kvdefinekeys' (already loaded).
Package hobsub Info: Skipping package `pdftexcmds' (already loaded).
Package: pdfescape 2016/05/16 v1.14 Implements pdfTeX's escape features (HO)
Package: bigintcalc 2016/05/16 v1.4 Expandable calculations on big integers (HO
)
Package: bitset 2016/05/16 v1.2 Handle bit-vector datatype (HO)
Package: uniquecounter 2016/05/16 v1.3 Provide unlimited unique counter (HO)
)
Package hobsub Info: Skipping package `hobsub' (already loaded).
Package: letltxmacro 2016/05/16 v1.5 Let assignment for LaTeX macros (HO)
Package: hopatch 2016/05/16 v1.3 Wrapper for package hooks (HO)
Package: xcolor-patch 2016/05/16 xcolor patch
Package: atveryend 2016/05/16 v1.9 Hooks at the very end of document (HO)
Package atveryend Info: \enddocument detected (standard20110627).
Package: atbegshi 2016/06/09 v1.18 At begin shipout hook (HO)
Package: refcount 2016/05/16 v3.5 Data extraction from label references (HO)
Package: hycolor 2016/05/16 v1.8 Color options for hyperref/bookmark (HO)
)
("d:\Program Files (x86)\MiKTeX 2.9\tex\latex\oberdiek\auxhook.sty"
Package: auxhook 2016/05/16 v1.4 Hooks for auxiliary files (HO)
)
\@linkdim=\dimen172
\Hy@linkcounter=\count149
\Hy@pagecounter=\count150

("d:\Program Files (x86)\MiKTeX 2.9\tex\latex\hyperref\pd1enc.def"
File: pd1enc.def 2016/06/24 v6.83q Hyperref: PDFDocEncoding definition (HO)
Now handling font encoding PD1 ...
... no UTF-8 mapping file for font encoding PD1
)
\Hy@SavedSpaceFactor=\count151

("d:\Program Files (x86)\MiKTeX 2.9\tex\latex\00miktex\hyperref.cfg"
File: hyperref.cfg 2002/06/06 v1.2 hyperref configuration of TeXLive
)
Package hyperref Info: Option `colorlinks' set `false' on input line 4362.
Package hyperref Info: Hyper figures OFF on input line 4486.
Package hyperref Info: Link nesting OFF on input line 4491.
Package hyperref Info: Hyper index ON on input line 4494.
Package hyperref Info: Plain pages OFF on input line 4501.
Package hyperref Info: Backreferencing OFF on input line 4506.
Package hyperref Info: Implicit mode ON; LaTeX internals redefined.
Package hyperref Info: Bookmarks ON on input line 4735.
\c@Hy@tempcnt=\count152

("d:\Program Files (x86)\MiKTeX 2.9\tex\latex\url\url.sty"
\Urlmuskip=\muskip17
Package: url 2013/09/16  ver 3.4  Verb mode for urls, etc.
)
LaTeX Info: Redefining \url on input line 5088.
\XeTeXLinkMargin=\dimen173
\Fld@menulength=\count153
\Field@Width=\dimen174
\Fld@charsize=\dimen175
Package hyperref Info: Hyper figures OFF on input line 6342.
Package hyperref Info: Link nesting OFF on input line 6347.
Package hyperref Info: Hyper index ON on input line 6350.
Package hyperref Info: backreferencing OFF on input line 6357.
Package hyperref Info: Link coloring OFF on input line 6362.
Package hyperref Info: Link coloring with OCG OFF on input line 6367.
Package hyperref Info: PDF/A mode OFF on input line 6372.
LaTeX Info: Redefining \ref on input line 6412.
LaTeX Info: Redefining \pageref on input line 6416.
\Hy@abspage=\count154
\c@Item=\count155
\c@Hfootnote=\count156
)

Package hyperref Message: Driver (autodetected): hpdftex.

("d:\Program Files (x86)\MiKTeX 2.9\tex\latex\hyperref\hpdftex.def"
File: hpdftex.def 2016/06/24 v6.83q Hyperref driver for pdfTeX
\Fld@listcount=\count157
\c@bookmark@seq@number=\count158

("d:\Program Files (x86)\MiKTeX 2.9\tex\latex\oberdiek\rerunfilecheck.sty"
Package: rerunfilecheck 2016/05/16 v1.8 Rerun checks for auxiliary files (HO)
Package uniquecounter Info: New unique counter `rerunfilecheck' on input line 2
82.
)
\Hy@SectionHShift=\skip60
)
("d:\Program Files (x86)\MiKTeX 2.9\tex\latex\fancyhdr\fancyhdr.sty"
Package: fancyhdr 2016/09/06 3.8 Extensive control of page headers and footers
\fancy@headwidth=\skip61
\f@ncyO@elh=\skip62
\f@ncyO@erh=\skip63
\f@ncyO@olh=\skip64
\f@ncyO@orh=\skip65
\f@ncyO@elf=\skip66
\f@ncyO@erf=\skip67
\f@ncyO@olf=\skip68
\f@ncyO@orf=\skip69
)
("d:\Program Files (x86)\MiKTeX 2.9\tex\latex\lastpage\lastpage.sty"
Package: lastpage 2015/03/29 v1.2m Refers to last page's name (HMM; JPG)
)
("d:\Program Files (x86)\MiKTeX 2.9\tex\latex\tools\hhline.sty"
Package: hhline 2014/10/28 v2.03 Table rule package (DPC)
)
("d:\Program Files (x86)\MiKTeX 2.9\tex\latex\svg\svg.sty"
Package: svg 2017/11/29 v2.01 (include SVG pictures)

("d:\Program Files (x86)\MiKTeX 2.9\tex\latex\koma-script\scrbase.sty"
Package: scrbase 2017/09/07 v3.24 KOMA-Script package (KOMA-Script-independent 
basics and keyval usage)

("d:\Program Files (x86)\MiKTeX 2.9\tex\latex\koma-script\scrlfile.sty"
Package: scrlfile 2017/09/07 v3.24 KOMA-Script package (loading files)
))
("d:\Program Files (x86)\MiKTeX 2.9\tex\latex\tools\shellesc.sty"
Package: shellesc 2016/06/07 v0.02a unified shell escape interface for LaTeX
Package shellesc Info: Restricted shell escape enabled on input line 69.
)
\c@svg@param@lastpage=\count159
\c@svg@param@currpage=\count160
)
("d:\Program Files (x86)\MiKTeX 2.9\tex\latex\xcolor\xcolor.sty"
Package: xcolor 2016/05/11 v2.12 LaTeX color extensions (UK)

("d:\Program Files (x86)\MiKTeX 2.9\tex\latex\00miktex\color.cfg"
File: color.cfg 2016/01/02 v1.6 sample color configuration
)
Package xcolor Info: Driver file: pdftex.def on input line 225.
Package xcolor Info: Model `cmy' substituted by `cmy0' on input line 1348.
Package xcolor Info: Model `hsb' substituted by `rgb' on input line 1352.
Package xcolor Info: Model `RGB' extended on input line 1364.
Package xcolor Info: Model `HTML' substituted by `rgb' on input line 1366.
Package xcolor Info: Model `Hsb' substituted by `hsb' on input line 1367.
Package xcolor Info: Model `tHsb' substituted by `hsb' on input line 1368.
Package xcolor Info: Model `HSB' substituted by `hsb' on input line 1369.
Package xcolor Info: Model `Gray' substituted by `gray' on input line 1370.
Package xcolor Info: Model `wave' substituted by `hsb' on input line 1371.
)
("d:\Program Files (x86)\MiKTeX 2.9\tex\latex\oberdiek\transparent.sty"
Package: transparent 2016/05/16 v1.1 Transparency via pdfTeX's color stack (HO)

)
("d:\Program Files (x86)\MiKTeX 2.9\tex\latex\multirow\multirow.sty"
\bigstrutjot=\dimen176
)
("d:\Program Files (x86)\MiKTeX 2.9\tex\latex\tools\enumerate.sty"
Package: enumerate 2015/07/23 v3.00 enumerate extensions (DPC)
\@enLab=\toks25
)
("d:\Program Files (x86)\MiKTeX 2.9\tex\latex\float\float.sty"
Package: float 2001/11/08 v1.3d Float enhancements (AL)
\c@float@type=\count161
\float@exts=\toks26
\float@box=\box51
\@float@everytoks=\toks27
\@floatcapt=\box52
)
("d:\Program Files (x86)\MiKTeX 2.9\tex\latex\placeins\placeins.sty"
Package: placeins 2005/04/18  v 2.2
)
("d:\Program Files (x86)\MiKTeX 2.9\tex\latex\chngcntr\chngcntr.sty"
Package: chngcntr 2009/09/02 v1.0a change counter resetting
)
("d:\Program Files (x86)\MiKTeX 2.9\tex\latex\tools\tabularx.sty"
Package: tabularx 2016/02/03 v2.11 `tabularx' package (DPC)
\TX@col@width=\dimen177
\TX@old@table=\dimen178
\TX@old@col=\dimen179
\TX@target=\dimen180
\TX@delta=\dimen181
\TX@cols=\count162
\TX@ftn=\toks28
) (LP.aux)
\openout1 = `LP.aux'.

LaTeX Font Info:    Checking defaults for OML/cmm/m/it on input line 80.
LaTeX Font Info:    ... okay on input line 80.
LaTeX Font Info:    Checking defaults for T1/cmr/m/n on input line 80.
LaTeX Font Info:    ... okay on input line 80.
LaTeX Font Info:    Checking defaults for OT1/cmr/m/n on input line 80.
LaTeX Font Info:    ... okay on input line 80.
LaTeX Font Info:    Checking defaults for OMS/cmsy/m/n on input line 80.
LaTeX Font Info:    ... okay on input line 80.
LaTeX Font Info:    Checking defaults for OMX/cmex/m/n on input line 80.
LaTeX Font Info:    ... okay on input line 80.
LaTeX Font Info:    Checking defaults for U/cmr/m/n on input line 80.
LaTeX Font Info:    ... okay on input line 80.
LaTeX Font Info:    Checking defaults for OT4/cmr/m/n on input line 80.
LaTeX Font Info:    ... okay on input line 80.
LaTeX Font Info:    Checking defaults for PD1/pdf/m/n on input line 80.
LaTeX Font Info:    ... okay on input line 80.

*geometry* driver: auto-detecting
*geometry* detected driver: pdftex
*geometry* verbose mode - [ preamble ] result:
* driver: pdftex
* paper: a4paper
* layout: <same size as paper>
* layoutoffset:(h,v)=(0.0pt,0.0pt)
* modes: 
* h-part:(L,W,R)=(85.35826pt, 426.79135pt, 85.35826pt)
* v-part:(T,H,B)=(85.35826pt, 674.33032pt, 85.35826pt)
* \paperwidth=597.50787pt
* \paperheight=845.04684pt
* \textwidth=426.79135pt
* \textheight=674.33032pt
* \oddsidemargin=13.08827pt
* \evensidemargin=13.08827pt
* \topmargin=-23.91173pt
* \headheight=12.0pt
* \headsep=25.0pt
* \topskip=11.0pt
* \footskip=30.0pt
* \marginparwidth=50.0pt
* \marginparsep=10.0pt
* \columnsep=10.0pt
* \skip\footins=10.0pt plus 4.0pt minus 2.0pt
* \hoffset=0.0pt
* \voffset=0.0pt
* \mag=1000
* \@twocolumnfalse
* \@twosidefalse
* \@mparswitchfalse
* \@reversemarginfalse
* (1in=72.27pt=25.4mm, 1cm=28.453pt)

Now handling font encoding TS1 ...
... processing UTF-8 mapping file for font encoding TS1
("d:\Program Files (x86)\MiKTeX 2.9\tex\latex\base\ts1enc.dfu"
File: ts1enc.dfu 2016/02/28 v1.1s UTF-8 support for inputenc
   defining Unicode char U+00A2 (decimal 162)
   defining Unicode char U+00A3 (decimal 163)
   defining Unicode char U+00A4 (decimal 164)
   defining Unicode char U+00A5 (decimal 165)
   defining Unicode char U+00A6 (decimal 166)
   defining Unicode char U+00A7 (decimal 167)
   defining Unicode char U+00A8 (decimal 168)
   defining Unicode char U+00A9 (decimal 169)
   defining Unicode char U+00AA (decimal 170)
   defining Unicode char U+00AC (decimal 172)
   defining Unicode char U+00AE (decimal 174)
   defining Unicode char U+00AF (decimal 175)
   defining Unicode char U+00B0 (decimal 176)
   defining Unicode char U+00B1 (decimal 177)
   defining Unicode char U+00B2 (decimal 178)
   defining Unicode char U+00B3 (decimal 179)
   defining Unicode char U+00B4 (decimal 180)
   defining Unicode char U+00B5 (decimal 181)
   defining Unicode char U+00B6 (decimal 182)
   defining Unicode char U+00B7 (decimal 183)
   defining Unicode char U+00B9 (decimal 185)
   defining Unicode char U+00BA (decimal 186)
   defining Unicode char U+00BC (decimal 188)
   defining Unicode char U+00BD (decimal 189)
   defining Unicode char U+00BE (decimal 190)
   defining Unicode char U+00D7 (decimal 215)
   defining Unicode char U+00F7 (decimal 247)
   defining Unicode char U+0192 (decimal 402)
   defining Unicode char U+02C7 (decimal 711)
   defining Unicode char U+02D8 (decimal 728)
   defining Unicode char U+02DD (decimal 733)
   defining Unicode char U+0E3F (decimal 3647)
   defining Unicode char U+2016 (decimal 8214)
   defining Unicode char U+2020 (decimal 8224)
   defining Unicode char U+2021 (decimal 8225)
   defining Unicode char U+2022 (decimal 8226)
   defining Unicode char U+2030 (decimal 8240)
   defining Unicode char U+2031 (decimal 8241)
   defining Unicode char U+203B (decimal 8251)
   defining Unicode char U+203D (decimal 8253)
   defining Unicode char U+2044 (decimal 8260)
   defining Unicode char U+204E (decimal 8270)
   defining Unicode char U+2052 (decimal 8274)
   defining Unicode char U+20A1 (decimal 8353)
   defining Unicode char U+20A4 (decimal 8356)
   defining Unicode char U+20A6 (decimal 8358)
   defining Unicode char U+20A9 (decimal 8361)
   defining Unicode char U+20AB (decimal 8363)
   defining Unicode char U+20AC (decimal 8364)
   defining Unicode char U+20B1 (decimal 8369)
   defining Unicode char U+2103 (decimal 8451)
   defining Unicode char U+2116 (decimal 8470)
   defining Unicode char U+2117 (decimal 8471)
   defining Unicode char U+211E (decimal 8478)
   defining Unicode char U+2120 (decimal 8480)
   defining Unicode char U+2122 (decimal 8482)
   defining Unicode char U+2126 (decimal 8486)
   defining Unicode char U+2127 (decimal 8487)
   defining Unicode char U+212E (decimal 8494)
   defining Unicode char U+2190 (decimal 8592)
   defining Unicode char U+2191 (decimal 8593)
   defining Unicode char U+2192 (decimal 8594)
   defining Unicode char U+2193 (decimal 8595)
   defining Unicode char U+2329 (decimal 9001)
   defining Unicode char U+232A (decimal 9002)
   defining Unicode char U+2422 (decimal 9250)
   defining Unicode char U+25E6 (decimal 9702)
   defining Unicode char U+25EF (decimal 9711)
   defining Unicode char U+266A (decimal 9834)
)
("d:\Program Files (x86)\MiKTeX 2.9\tex\latex\beamer\base\translator\dicts\tran
slator-basic-dictionary\translator-basic-dictionary-English.dict"
Dictionary: translator-basic-dictionary, Language: English 
)
("d:\Program Files (x86)\MiKTeX 2.9\tex\latex\siunitx\siunitx-abbreviations.cfg
"
File: siunitx-abbreviations.cfg 2016/09/02 v2.6s siunitx: Abbreviated units
) ("d:\Program Files (x86)\MiKTeX 2.9\tex\context\base\supp-pdf.mkii"
[Loading MPS to PDF converter (version 2006.09.02).]
\scratchcounter=\count163
\scratchdimen=\dimen182
\scratchbox=\box53
\nofMPsegments=\count164
\nofMParguments=\count165
\everyMPshowfont=\toks29
\MPscratchCnt=\count166
\MPscratchDim=\dimen183
\MPnumerator=\count167
\makeMPintoPDFobject=\count168
\everyMPtoPDFconversion=\toks30
)
\AtBeginShipoutBox=\box54
Package hyperref Info: Link coloring OFF on input line 80.
 ("d:\Program Files (x86)\MiKTeX 2.9\tex\latex\hyperref\nameref.sty"
Package: nameref 2016/05/21 v2.44 Cross-referencing by name of section

("d:\Program Files (x86)\MiKTeX 2.9\tex\generic\oberdiek\gettitlestring.sty"
Package: gettitlestring 2016/05/16 v1.5 Cleanup title references (HO)
)
\c@section@level=\count169
)
LaTeX Info: Redefining \ref on input line 80.
LaTeX Info: Redefining \pageref on input line 80.
LaTeX Info: Redefining \nameref on input line 80.

(LP.out) (LP.out)
\@outlinefile=\write3
\openout3 = `LP.out'.

Package lastpage Info: Please have a look at the pageslts package at
(lastpage)             https://www.ctan.org/pkg/pageslts
(lastpage)             ! on input line 80.
\c__siunitx_mathsf_int=\count170
LaTeX Font Info:    Try loading font information for OML+plm on input line 80.
 ("d:\Program Files (x86)\MiKTeX 2.9\tex\latex\polski\omlplm.fd"
File: omlplm.fd 2008/02/24 v1.2.1 Font defs for fonts PL (MW)
)
LaTeX Font Info:    Try loading font information for OMS+plsy on input line 80.

 ("d:\Program Files (x86)\MiKTeX 2.9\tex\latex\polski\omsplsy.fd"
File: omsplsy.fd 2008/02/24 v1.2.1 Font defs for fonts PL (MW)
)
LaTeX Font Info:    Try loading font information for OMX+plex on input line 80.


("d:\Program Files (x86)\MiKTeX 2.9\tex\latex\polski\omxplex.fd"
File: omxplex.fd 2008/02/24 v1.2.1 Font defs for fonts PL (MW)
)
LaTeX Font Info:    External font `plex10' loaded for size
(Font)              <10.95> on input line 80.
LaTeX Font Info:    External font `plex10' loaded for size
(Font)              <8> on input line 80.
LaTeX Font Info:    External font `plex10' loaded for size
(Font)              <6> on input line 80.
LaTeX Font Info:    Try loading font information for U+msa on input line 80.

("d:\Program Files (x86)\MiKTeX 2.9\tex\latex\amsfonts\umsa.fd"
File: umsa.fd 2013/01/14 v3.01 AMS symbols A
)
LaTeX Font Info:    Try loading font information for U+msb on input line 80.

("d:\Program Files (x86)\MiKTeX 2.9\tex\latex\amsfonts\umsb.fd"
File: umsb.fd 2013/01/14 v3.01 AMS symbols B
)
LaTeX Font Info:    Try loading font information for OT4+cmss on input line 80.


("d:\Program Files (x86)\MiKTeX 2.9\tex\latex\polski\ot4cmss.fd"
File: ot4cmss.fd 2008/02/24 v1.2.1 Font defs for fonts PL (MW)
)
\c__siunitx_mathtt_int=\count171
LaTeX Font Info:    Try loading font information for OT4+cmtt on input line 80.


("d:\Program Files (x86)\MiKTeX 2.9\tex\latex\polski\ot4cmtt.fd"
File: ot4cmtt.fd 2008/02/24 v1.2.1 Font defs for fonts PL (MW)
)
LaTeX Font Info:    External font `plex10' loaded for size
(Font)              <12> on input line 83.
 [1

{C:/ProgramData/MiKTeX/2.9/pdftex/config/pdftex.map}]
<Figures/Model_vertical.png, id=121, 842.39719pt x 417.81094pt>
File: Figures/Model_vertical.png Graphic file (type png)

<use Figures/Model_vertical.png>
Package pdftex.def Info: Figures/Model_vertical.png used on input line 163.
(pdftex.def)             Requested size: 426.39255pt x 211.48056pt.
 [2]
Package epstopdf Info: Source file: <Figures/char_V_U.eps>
(epstopdf)                    date: 2017-12-08 14:19:40
(epstopdf)                    size: 84042 bytes
(epstopdf)             Output file: <Figures/char_V_U-eps-converted-to.pdf>
(epstopdf)                    date: 2017-12-09 15:02:40
(epstopdf)                    size: 32912 bytes
(epstopdf)             Command: <epstopdf --outfile=Figures/char_V_U-eps-conver
ted-to.pdf Figures/char_V_U.eps>
(epstopdf)             \includegraphics on input line 177.
Package epstopdf Info: Output file is already uptodate.

<Figures/char_V_U-eps-converted-to.pdf, id=134, 421.575pt x 316.18124pt>
File: Figures/char_V_U-eps-converted-to.pdf Graphic file (type pdf)

<use Figures/char_V_U-eps-converted-to.pdf>
Package pdftex.def Info: Figures/char_V_U-eps-converted-to.pdf used on input li
ne 177.
(pdftex.def)             Requested size: 289.07999pt x 216.81442pt.
 [3pdfTeX warning (ext4): destination with the same identifier (name{figure.2.1
}) has been already used, duplicate ignored

\AtBegShi@Output ...ipout \box \AtBeginShipoutBox 
                                                  \fi \fi 
l.181 
       <./Figures/Model_vertical.png>] [4pdfTeX warning (ext4): destination wit
h the same identifier (name{figure.3.1}) has been already used, duplicate ignor
ed

\AtBegShi@Output ...ipout \box \AtBeginShipoutBox 
                                                  \fi \fi 
l.217 \paragraph
                *{} <./Figures/char_V_U-eps-converted-to.pdf>]
Package epstopdf Info: Source file: <Figures/char_M_V.eps>
(epstopdf)                    date: 2017-12-08 14:19:40
(epstopdf)                    size: 190844 bytes
(epstopdf)             Output file: <Figures/char_M_V-eps-converted-to.pdf>
(epstopdf)                    date: 2017-12-09 15:02:42
(epstopdf)                    size: 65593 bytes
(epstopdf)             Command: <epstopdf --outfile=Figures/char_M_V-eps-conver
ted-to.pdf Figures/char_M_V.eps>
(epstopdf)             \includegraphics on input line 257.
Package epstopdf Info: Output file is already uptodate.

<Figures/char_M_V-eps-converted-to.pdf, id=158, 421.575pt x 316.18124pt>
File: Figures/char_M_V-eps-converted-to.pdf Graphic file (type pdf)

<use Figures/char_M_V-eps-converted-to.pdf>
Package pdftex.def Info: Figures/char_M_V-eps-converted-to.pdf used on input li
ne 257.
(pdftex.def)             Requested size: 289.07999pt x 216.81442pt.
 [5]
Package epstopdf Info: Source file: <Figures/char_U_V.eps>
(epstopdf)                    date: 2017-12-08 14:19:40
(epstopdf)                    size: 76420 bytes
(epstopdf)             Output file: <Figures/char_U_V-eps-converted-to.pdf>
(epstopdf)                    date: 2017-12-09 15:02:43
(epstopdf)                    size: 29376 bytes
(epstopdf)             Command: <epstopdf --outfile=Figures/char_U_V-eps-conver
ted-to.pdf Figures/char_U_V.eps>
(epstopdf)             \includegraphics on input line 289.
Package epstopdf Info: Output file is already uptodate.

<Figures/char_U_V-eps-converted-to.pdf, id=171, 421.575pt x 316.18124pt>
File: Figures/char_U_V-eps-converted-to.pdf Graphic file (type pdf)

<use Figures/char_U_V-eps-converted-to.pdf>
Package pdftex.def Info: Figures/char_U_V-eps-converted-to.pdf used on input li
ne 289.
(pdftex.def)             Requested size: 289.07999pt x 216.81442pt.
 [6pdfTeX warning (ext4): destination with the same identifier (name{figure.3.2
}) has been already used, duplicate ignored

\AtBegShi@Output ...ipout \box \AtBeginShipoutBox 
                                                  \fi \fi 
l.293 
       <./Figures/char_M_V-eps-converted-to.pdf>]
Package epstopdf Info: Source file: <Figures/ident_I_v.eps>
(epstopdf)                    date: 2017-12-08 14:19:40
(epstopdf)                    size: 349285 bytes
(epstopdf)             Output file: <Figures/ident_I_v-eps-converted-to.pdf>
(epstopdf)                    date: 2017-12-09 15:02:46
(epstopdf)                    size: 54919 bytes
(epstopdf)             Command: <epstopdf --outfile=Figures/ident_I_v-eps-conve
rted-to.pdf Figures/ident_I_v.eps>
(epstopdf)             \includegraphics on input line 311.
Package epstopdf Info: Output file is already uptodate.

<Figures/ident_I_v-eps-converted-to.pdf, id=187, 421.575pt x 316.18124pt>
File: Figures/ident_I_v-eps-converted-to.pdf Graphic file (type pdf)

<use Figures/ident_I_v-eps-converted-to.pdf>
Package pdftex.def Info: Figures/ident_I_v-eps-converted-to.pdf used on input l
ine 311.
(pdftex.def)             Requested size: 289.07999pt x 216.81442pt.
 [7pdfTeX warning (ext4): destination with the same identifier (name{figure.3.3
}) has been already used, duplicate ignored

\AtBegShi@Output ...ipout \box \AtBeginShipoutBox 
                                                  \fi \fi 
l.315 
       <./Figures/char_U_V-eps-converted-to.pdf>]
Package epstopdf Info: Source file: <Figures/ident_J_v.eps>
(epstopdf)                    date: 2017-12-08 14:19:40
(epstopdf)                    size: 201994 bytes
(epstopdf)             Output file: <Figures/ident_J_v-eps-converted-to.pdf>
(epstopdf)                    date: 2017-12-09 15:02:48
(epstopdf)                    size: 56322 bytes
(epstopdf)             Command: <epstopdf --outfile=Figures/ident_J_v-eps-conve
rted-to.pdf Figures/ident_J_v.eps>
(epstopdf)             \includegraphics on input line 335.
Package epstopdf Info: Output file is already uptodate.

<Figures/ident_J_v-eps-converted-to.pdf, id=202, 421.575pt x 316.18124pt>
File: Figures/ident_J_v-eps-converted-to.pdf Graphic file (type pdf)

<use Figures/ident_J_v-eps-converted-to.pdf>
Package pdftex.def Info: Figures/ident_J_v-eps-converted-to.pdf used on input l
ine 335.
(pdftex.def)             Requested size: 289.07999pt x 216.81442pt.
 [8pdfTeX warning (ext4): destination with the same identifier (name{figure.3.4
}) has been already used, duplicate ignored

\AtBegShi@Output ...ipout \box \AtBeginShipoutBox 
                                                  \fi \fi 
l.339 
       <./Figures/ident_I_v-eps-converted-to.pdf>]
Package epstopdf Info: Source file: <Figures/char_U_V_az.eps>
(epstopdf)                    date: 2017-12-08 14:19:40
(epstopdf)                    size: 76898 bytes
(epstopdf)             Output file: <Figures/char_U_V_az-eps-converted-to.pdf>
(epstopdf)                    date: 2017-12-09 15:02:49
(epstopdf)                    size: 29699 bytes
(epstopdf)             Command: <epstopdf --outfile=Figures/char_U_V_az-eps-con
verted-to.pdf Figures/char_U_V_az.eps>
(epstopdf)             \includegraphics on input line 369.
Package epstopdf Info: Output file is already uptodate.

<Figures/char_U_V_az-eps-converted-to.pdf, id=217, 421.575pt x 316.18124pt>
File: Figures/char_U_V_az-eps-converted-to.pdf Graphic file (type pdf)

<use Figures/char_U_V_az-eps-converted-to.pdf>
Package pdftex.def Info: Figures/char_U_V_az-eps-converted-to.pdf used on input
 line 369.
(pdftex.def)             Requested size: 289.07999pt x 216.81442pt.
 [9pdfTeX warning (ext4): destination with the same identifier (name{figure.3.5
}) has been already used, duplicate ignored

\AtBegShi@Output ...ipout \box \AtBeginShipoutBox 
                                                  \fi \fi 
l.373 
       <./Figures/ident_J_v-eps-converted-to.pdf>]
Package epstopdf Info: Source file: <Figures/ident_I_h.eps>
(epstopdf)                    date: 2017-12-08 14:19:40
(epstopdf)                    size: 287767 bytes
(epstopdf)             Output file: <Figures/ident_I_h-eps-converted-to.pdf>
(epstopdf)                    date: 2017-12-09 15:02:51
(epstopdf)                    size: 44048 bytes
(epstopdf)             Command: <epstopdf --outfile=Figures/ident_I_h-eps-conve
rted-to.pdf Figures/ident_I_h.eps>
(epstopdf)             \includegraphics on input line 391.
Package epstopdf Info: Output file is already uptodate.

<Figures/ident_I_h-eps-converted-to.pdf, id=233, 421.575pt x 316.18124pt>
File: Figures/ident_I_h-eps-converted-to.pdf Graphic file (type pdf)

<use Figures/ident_I_h-eps-converted-to.pdf>
Package pdftex.def Info: Figures/ident_I_h-eps-converted-to.pdf used on input l
ine 391.
(pdftex.def)             Requested size: 289.07999pt x 216.81442pt.
 [10pdfTeX warning (ext4): destination with the same identifier (name{figure.3.
6}) has been already used, duplicate ignored

\AtBegShi@Output ...ipout \box \AtBeginShipoutBox 
                                                  \fi \fi 
l.395 
       <./Figures/char_U_V_az-eps-converted-to.pdf>]
Package epstopdf Info: Source file: <Figures/V_ident_J_h.eps>
(epstopdf)                    date: 2017-12-08 14:19:40
(epstopdf)                    size: 108160 bytes
(epstopdf)             Output file: <Figures/V_ident_J_h-eps-converted-to.pdf>
(epstopdf)                    date: 2017-12-09 15:02:53
(epstopdf)                    size: 32767 bytes
(epstopdf)             Command: <epstopdf --outfile=Figures/V_ident_J_h-eps-con
verted-to.pdf Figures/V_ident_J_h.eps>
(epstopdf)             \includegraphics on input line 418.
Package epstopdf Info: Output file is already uptodate.

<Figures/V_ident_J_h-eps-converted-to.pdf, id=246, 421.575pt x 316.18124pt>
File: Figures/V_ident_J_h-eps-converted-to.pdf Graphic file (type pdf)

<use Figures/V_ident_J_h-eps-converted-to.pdf>
Package pdftex.def Info: Figures/V_ident_J_h-eps-converted-to.pdf used on input
 line 418.
(pdftex.def)             Requested size: 289.07999pt x 216.81442pt.
 [11pdfTeX warning (ext4): destination with the same identifier (name{figure.3.
7}) has been already used, duplicate ignored

\AtBegShi@Output ...ipout \box \AtBeginShipoutBox 
                                                  \fi \fi 
l.422 
       <./Figures/ident_I_h-eps-converted-to.pdf>]
Package epstopdf Info: Source file: <Figures/ident_J_h.eps>
(epstopdf)                    date: 2017-12-08 14:19:40
(epstopdf)                    size: 184530 bytes
(epstopdf)             Output file: <Figures/ident_J_h-eps-converted-to.pdf>
(epstopdf)                    date: 2017-12-09 15:02:55
(epstopdf)                    size: 67186 bytes
(epstopdf)             Command: <epstopdf --outfile=Figures/ident_J_h-eps-conve
rted-to.pdf Figures/ident_J_h.eps>
(epstopdf)             \includegraphics on input line 427.
Package epstopdf Info: Output file is already uptodate.

<Figures/ident_J_h-eps-converted-to.pdf, id=260, 421.575pt x 316.18124pt>
File: Figures/ident_J_h-eps-converted-to.pdf Graphic file (type pdf)

<use Figures/ident_J_h-eps-converted-to.pdf>
Package pdftex.def Info: Figures/ident_J_h-eps-converted-to.pdf used on input l
ine 427.
(pdftex.def)             Requested size: 289.07999pt x 216.81442pt.
 [12pdfTeX warning (ext4): destination with the same identifier (name{figure.3.
8}) has been already used, duplicate ignored

\AtBegShi@Output ...ipout \box \AtBeginShipoutBox 
                                                  \fi \fi 
l.437 
      pdfTeX warning (ext4): destination with the same identifier (name{figure.
3.9}) has been already used, duplicate ignored

\AtBegShi@Output ...ipout \box \AtBeginShipoutBox 
                                                  \fi \fi 
l.437 
       <./Figures/V_ident_J_h-eps-converted-to.pdf> <./Figures/ident_J_h-eps-co
nverted-to.pdf>]
Package epstopdf Info: Source file: <Figures/V_ident_M_h.eps>
(epstopdf)                    date: 2017-12-08 14:19:40
(epstopdf)                    size: 81431 bytes
(epstopdf)             Output file: <Figures/V_ident_M_h-eps-converted-to.pdf>
(epstopdf)                    date: 2017-12-09 15:02:57
(epstopdf)                    size: 27320 bytes
(epstopdf)             Command: <epstopdf --outfile=Figures/V_ident_M_h-eps-con
verted-to.pdf Figures/V_ident_M_h.eps>
(epstopdf)             \includegraphics on input line 440.
Package epstopdf Info: Output file is already uptodate.

<Figures/V_ident_M_h-eps-converted-to.pdf, id=274, 421.575pt x 316.18124pt>
File: Figures/V_ident_M_h-eps-converted-to.pdf Graphic file (type pdf)

<use Figures/V_ident_M_h-eps-converted-to.pdf>
Package pdftex.def Info: Figures/V_ident_M_h-eps-converted-to.pdf used on input
 line 440.
(pdftex.def)             Requested size: 289.07999pt x 216.81442pt.
Package epstopdf Info: Source file: <Figures/ident_M_h_04.eps>
(epstopdf)                    date: 2017-12-08 14:19:40
(epstopdf)                    size: 129347 bytes
(epstopdf)             Output file: <Figures/ident_M_h_04-eps-converted-to.pdf>

(epstopdf)                    date: 2017-12-09 15:02:59
(epstopdf)                    size: 41058 bytes
(epstopdf)             Command: <epstopdf --outfile=Figures/ident_M_h_04-eps-co
nverted-to.pdf Figures/ident_M_h_04.eps>
(epstopdf)             \includegraphics on input line 449.
Package epstopdf Info: Output file is already uptodate.

<Figures/ident_M_h_04-eps-converted-to.pdf, id=277, 421.575pt x 316.18124pt>
File: Figures/ident_M_h_04-eps-converted-to.pdf Graphic file (type pdf)

<use Figures/ident_M_h_04-eps-converted-to.pdf>
Package pdftex.def Info: Figures/ident_M_h_04-eps-converted-to.pdf used on inpu
t line 449.
(pdftex.def)             Requested size: 289.07999pt x 216.81442pt.
Package epstopdf Info: Source file: <Figures/ident_M_h_-06.eps>
(epstopdf)                    date: 2017-12-08 14:19:40
(epstopdf)                    size: 127379 bytes
(epstopdf)             Output file: <Figures/ident_M_h_-06-eps-converted-to.pdf
>
(epstopdf)                    date: 2017-12-09 15:03:01
(epstopdf)                    size: 42450 bytes
(epstopdf)             Command: <epstopdf --outfile=Figures/ident_M_h_-06-eps-c
onverted-to.pdf Figures/ident_M_h_-06.eps>
(epstopdf)             \includegraphics on input line 456.
Package epstopdf Info: Output file is already uptodate.

<Figures/ident_M_h_-06-eps-converted-to.pdf, id=278, 421.575pt x 316.18124pt>
File: Figures/ident_M_h_-06-eps-converted-to.pdf Graphic file (type pdf)

<use Figures/ident_M_h_-06-eps-converted-to.pdf>
Package pdftex.def Info: Figures/ident_M_h_-06-eps-converted-to.pdf used on inp
ut line 456.
(pdftex.def)             Requested size: 289.07999pt x 216.81442pt.
 [13pdfTeX warning (ext4): destination with the same identifier (name{figure.3.
10}) has been already used, duplicate ignored

\AtBegShi@Output ...ipout \box \AtBeginShipoutBox 
                                                  \fi \fi 
l.460 
      pdfTeX warning (ext4): destination with the same identifier (name{figure.
3.11}) has been already used, duplicate ignored

\AtBegShi@Output ...ipout \box \AtBeginShipoutBox 
                                                  \fi \fi 
l.460 
       <./Figures/V_ident_M_h-eps-converted-to.pdf> <./Figures/ident_M_h_04-eps
-converted-to.pdf>]
Package epstopdf Info: Source file: <Figures/ident_M_h.eps>
(epstopdf)                    date: 2017-12-08 14:19:40
(epstopdf)                    size: 128682 bytes
(epstopdf)             Output file: <Figures/ident_M_h-eps-converted-to.pdf>
(epstopdf)                    date: 2017-12-09 15:03:03
(epstopdf)                    size: 46585 bytes
(epstopdf)             Command: <epstopdf --outfile=Figures/ident_M_h-eps-conve
rted-to.pdf Figures/ident_M_h.eps>
(epstopdf)             \includegraphics on input line 465.
Package epstopdf Info: Output file is already uptodate.

<Figures/ident_M_h-eps-converted-to.pdf, id=294, 421.575pt x 316.18124pt>
File: Figures/ident_M_h-eps-converted-to.pdf Graphic file (type pdf)

<use Figures/ident_M_h-eps-converted-to.pdf>
Package pdftex.def Info: Figures/ident_M_h-eps-converted-to.pdf used on input l
ine 465.
(pdftex.def)             Requested size: 289.07999pt x 216.81442pt.
 [14pdfTeX warning (ext4): destination with the same identifier (name{figure.3.
12}) has been already used, duplicate ignored

\AtBegShi@Output ...ipout \box \AtBeginShipoutBox 
                                                  \fi \fi 
l.486 \end{equation}
                    pdfTeX warning (ext4): destination with the same identifier
 (name{figure.3.13}) has been already used, duplicate ignored

\AtBegShi@Output ...ipout \box \AtBeginShipoutBox 
                                                  \fi \fi 
l.486 \end{equation}
                     <./Figures/ident_M_h_-06-eps-converted-to.pdf> <./Figures/
ident_M_h-eps-converted-to.pdf>]
Package epstopdf Info: Source file: <Figures/e_p_3d.eps>
(epstopdf)                    date: 2017-12-08 14:19:40
(epstopdf)                    size: 141394 bytes
(epstopdf)             Output file: <Figures/e_p_3d-eps-converted-to.pdf>
(epstopdf)                    date: 2017-12-09 15:03:05
(epstopdf)                    size: 14025 bytes
(epstopdf)             Command: <epstopdf --outfile=Figures/e_p_3d-eps-converte
d-to.pdf Figures/e_p_3d.eps>
(epstopdf)             \includegraphics on input line 510.
Package epstopdf Info: Output file is already uptodate.

<Figures/e_p_3d-eps-converted-to.pdf, id=312, 421.575pt x 316.18124pt>
File: Figures/e_p_3d-eps-converted-to.pdf Graphic file (type pdf)

<use Figures/e_p_3d-eps-converted-to.pdf>
Package pdftex.def Info: Figures/e_p_3d-eps-converted-to.pdf used on input line
 510.
(pdftex.def)             Requested size: 289.07999pt x 216.81442pt.
Package epstopdf Info: Source file: <Figures/e_p_x1_x3.eps>
(epstopdf)                    date: 2017-12-08 14:19:40
(epstopdf)                    size: 55656 bytes
(epstopdf)             Output file: <Figures/e_p_x1_x3-eps-converted-to.pdf>
(epstopdf)                    date: 2017-12-09 15:03:06
(epstopdf)                    size: 19448 bytes
(epstopdf)             Command: <epstopdf --outfile=Figures/e_p_x1_x3-eps-conve
rted-to.pdf Figures/e_p_x1_x3.eps>
(epstopdf)             \includegraphics on input line 519.
Package epstopdf Info: Output file is already uptodate.

<Figures/e_p_x1_x3-eps-converted-to.pdf, id=315, 421.575pt x 316.18124pt>
File: Figures/e_p_x1_x3-eps-converted-to.pdf Graphic file (type pdf)

<use Figures/e_p_x1_x3-eps-converted-to.pdf>
Package pdftex.def Info: Figures/e_p_x1_x3-eps-converted-to.pdf used on input l
ine 519.
(pdftex.def)             Requested size: 289.07999pt x 216.81442pt.
 [15pdfTeX warning (ext4): destination with the same identifier (name{figure.4.
1}) has been already used, duplicate ignored

\AtBegShi@Output ...ipout \box \AtBeginShipoutBox 
                                                  \fi \fi 
l.523 
       <./Figures/e_p_3d-eps-converted-to.pdf>]
Package epstopdf Info: Source file: <Figures/e_p_x1_u.eps>
(epstopdf)                    date: 2017-12-08 14:19:40
(epstopdf)                    size: 38512 bytes
(epstopdf)             Output file: <Figures/e_p_x1_u-eps-converted-to.pdf>
(epstopdf)                    date: 2017-12-09 15:03:08
(epstopdf)                    size: 11276 bytes
(epstopdf)             Command: <epstopdf --outfile=Figures/e_p_x1_u-eps-conver
ted-to.pdf Figures/e_p_x1_u.eps>
(epstopdf)             \includegraphics on input line 526.
Package epstopdf Info: Output file is already uptodate.

<Figures/e_p_x1_u-eps-converted-to.pdf, id=332, 421.575pt x 316.18124pt>
File: Figures/e_p_x1_u-eps-converted-to.pdf Graphic file (type pdf)

<use Figures/e_p_x1_u-eps-converted-to.pdf>
Package pdftex.def Info: Figures/e_p_x1_u-eps-converted-to.pdf used on input li
ne 526.
(pdftex.def)             Requested size: 289.07999pt x 216.81442pt.
 [16pdfTeX warning (ext4): destination with the same identifier (name{figure.4.
2}) has been already used, duplicate ignored

\AtBegShi@Output ...ipout \box \AtBeginShipoutBox 
                                                  \fi \fi 
l.549 
      pdfTeX warning (ext4): destination with the same identifier (name{figure.
4.3}) has been already used, duplicate ignored

\AtBegShi@Output ...ipout \box \AtBeginShipoutBox 
                                                  \fi \fi 
l.549 
       <./Figures/e_p_x1_x3-eps-converted-to.pdf> <./Figures/e_p_x1_u-eps-conve
rted-to.pdf>] [17] [18]
<Figures/Luenberger.png, id=370, 795.72281pt x 411.78844pt>
File: Figures/Luenberger.png Graphic file (type png)

<use Figures/Luenberger.png>
Package pdftex.def Info: Figures/Luenberger.png used on input line 661.
(pdftex.def)             Requested size: 289.07999pt x 149.59464pt.
Package epstopdf Info: Source file: <Figures/obsv_alpha_v.eps>
(epstopdf)                    date: 2017-12-09 20:44:43
(epstopdf)                    size: 105781 bytes
(epstopdf)             Output file: <Figures/obsv_alpha_v-eps-converted-to.pdf>

(epstopdf)                    date: 2017-12-09 20:46:22
(epstopdf)                    size: 38367 bytes
(epstopdf)             Command: <epstopdf --outfile=Figures/obsv_alpha_v-eps-co
nverted-to.pdf Figures/obsv_alpha_v.eps>
(epstopdf)             \includegraphics on input line 670.
Package epstopdf Info: Output file is already uptodate.

<Figures/obsv_alpha_v-eps-converted-to.pdf, id=371, 421.575pt x 316.18124pt>
File: Figures/obsv_alpha_v-eps-converted-to.pdf Graphic file (type pdf)

<use Figures/obsv_alpha_v-eps-converted-to.pdf>
Package pdftex.def Info: Figures/obsv_alpha_v-eps-converted-to.pdf used on inpu
t line 670.
(pdftex.def)             Requested size: 289.07999pt x 216.81442pt.
Package epstopdf Info: Source file: <Figures/obsv_dalpha_v.eps>
(epstopdf)                    date: 2017-12-09 20:44:43
(epstopdf)                    size: 131139 bytes
(epstopdf)             Output file: <Figures/obsv_dalpha_v-eps-converted-to.pdf
>
(epstopdf)                    date: 2017-12-09 20:46:24
(epstopdf)                    size: 50069 bytes
(epstopdf)             Command: <epstopdf --outfile=Figures/obsv_dalpha_v-eps-c
onverted-to.pdf Figures/obsv_dalpha_v.eps>
(epstopdf)             \includegraphics on input line 677.
Package epstopdf Info: Output file is already uptodate.

<Figures/obsv_dalpha_v-eps-converted-to.pdf, id=372, 421.575pt x 316.18124pt>
File: Figures/obsv_dalpha_v-eps-converted-to.pdf Graphic file (type pdf)

<use Figures/obsv_dalpha_v-eps-converted-to.pdf>
Package pdftex.def Info: Figures/obsv_dalpha_v-eps-converted-to.pdf used on inp
ut line 677.
(pdftex.def)             Requested size: 289.07999pt x 216.81442pt.
Package epstopdf Info: Source file: <Figures/obsv_w_v.eps>
(epstopdf)                    date: 2017-12-09 20:44:43
(epstopdf)                    size: 126663 bytes
(epstopdf)             Output file: <Figures/obsv_w_v-eps-converted-to.pdf>
(epstopdf)                    date: 2017-12-09 20:46:26
(epstopdf)                    size: 48565 bytes
(epstopdf)             Command: <epstopdf --outfile=Figures/obsv_w_v-eps-conver
ted-to.pdf Figures/obsv_w_v.eps>
(epstopdf)             \includegraphics on input line 684.
Package epstopdf Info: Output file is already uptodate.

<Figures/obsv_w_v-eps-converted-to.pdf, id=373, 421.575pt x 316.18124pt>
File: Figures/obsv_w_v-eps-converted-to.pdf Graphic file (type pdf)

<use Figures/obsv_w_v-eps-converted-to.pdf>
Package pdftex.def Info: Figures/obsv_w_v-eps-converted-to.pdf used on input li
ne 684.
(pdftex.def)             Requested size: 289.07999pt x 216.81442pt.
 [19pdfTeX warning (ext4): destination with the same identifier (name{figure.6.
1}) has been already used, duplicate ignored

\AtBegShi@Output ...ipout \box \AtBeginShipoutBox 
                                                  \fi \fi 
l.689 \FloatBarrier
                    <./Figures/Luenberger.png>] [20pdfTeX warning (ext4): desti
nation with the same identifier (name{figure.6.2}) has been already used, dupli
cate ignored

\AtBegShi@Output ...ipout \box \AtBeginShipoutBox 
                                                  \fi \fi 
l.689 \FloatBarrier
                   pdfTeX warning (ext4): destination with the same identifier 
(name{figure.6.3}) has been already used, duplicate ignored

\AtBegShi@Output ...ipout \box \AtBeginShipoutBox 
                                                  \fi \fi 
l.689 \FloatBarrier
                    <./Figures/obsv_alpha_v-eps-converted-to.pdf> <./Figures/ob
sv_dalpha_v-eps-converted-to.pdf>] [21pdfTeX warning (ext4): destination with t
he same identifier (name{figure.6.4}) has been already used, duplicate ignored

\AtBegShi@Output ...ipout \box \AtBeginShipoutBox 
                                                  \fi \fi 
l.689 \FloatBarrier
                    <./Figures/obsv_w_v-eps-converted-to.pdf>]
<Figures/PID_schemat.png, id=408, 992.95969pt x 380.17032pt>
File: Figures/PID_schemat.png Graphic file (type png)

<use Figures/PID_schemat.png>
Package pdftex.def Info: Figures/PID_schemat.png used on input line 697.
(pdftex.def)             Requested size: 446.82773pt x 171.07506pt.

Overfull \hbox (20.03638pt too wide) in paragraph at lines 697--698
 [][] 
 []

Package epstopdf Info: Source file: <Figures/pid30.eps>
(epstopdf)                    date: 2017-12-09 16:29:48
(epstopdf)                    size: 31794 bytes
(epstopdf)             Output file: <Figures/pid30-eps-converted-to.pdf>
(epstopdf)                    date: 2017-12-09 16:30:32
(epstopdf)                    size: 28049 bytes
(epstopdf)             Command: <epstopdf --outfile=Figures/pid30-eps-converted
-to.pdf Figures/pid30.eps>
(epstopdf)             \includegraphics on input line 723.
Package epstopdf Info: Output file is already uptodate.
<Figures/pid30-eps-converted-to.pdf, id=410, 421.575pt x 316.18124pt>
File: Figures/pid30-eps-converted-to.pdf Graphic file (type pdf)

<use Figures/pid30-eps-converted-to.pdf>
Package pdftex.def Info: Figures/pid30-eps-converted-to.pdf used on input line 
723.
(pdftex.def)             Requested size: 289.07999pt x 216.81442pt.
 [22

pdfTeX warning (ext4): destination with the same identifier (name{figure.7.1}) 
has been already used, duplicate ignored

\AtBegShi@Output ...ipout \box \AtBeginShipoutBox 
                                                  \fi \fi 
l.727 
      pdfTeX warning (ext4): destination with the same identifier (name{table.1
}) has been already used, duplicate ignored

\AtBegShi@Output ...ipout \box \AtBeginShipoutBox 
                                                  \fi \fi 
l.727 
       <./Figures/PID_schemat.png>] [23pdfTeX warning (ext4): destination with 
the same identifier (name{figure.7.2}) has been already used, duplicate ignored


\AtBegShi@Output ...ipout \box \AtBeginShipoutBox 
                                                  \fi \fi 
l.728 \newpage
               <./Figures/pid30-eps-converted-to.pdf>]

LaTeX Warning: Reference `fig:por_LQ0, fig:por_LQ0obs' on page 24 undefined on 
input line 746.

Package epstopdf Info: Source file: <Figures/por_LQ0.eps>
(epstopdf)                    date: 2017-12-09 15:58:52
(epstopdf)                    size: 1367898 bytes
(epstopdf)             Output file: <Figures/por_LQ0-eps-converted-to.pdf>
(epstopdf)                    date: 2017-12-09 16:00:27
(epstopdf)                    size: 18216 bytes
(epstopdf)             Command: <epstopdf --outfile=Figures/por_LQ0-eps-convert
ed-to.pdf Figures/por_LQ0.eps>
(epstopdf)             \includegraphics on input line 770.
Package epstopdf Info: Output file is already uptodate.
<Figures/por_LQ0-eps-converted-to.pdf, id=430, 421.575pt x 316.18124pt>
File: Figures/por_LQ0-eps-converted-to.pdf Graphic file (type pdf)

<use Figures/por_LQ0-eps-converted-to.pdf>
Package pdftex.def Info: Figures/por_LQ0-eps-converted-to.pdf used on input lin
e 770.
(pdftex.def)             Requested size: 289.07999pt x 216.81442pt.
 [24pdfTeX warning (ext4): destination with the same identifier (name{table.2})
 has been already used, duplicate ignored

\AtBegShi@Output ...ipout \box \AtBeginShipoutBox 
                                                  \fi \fi 
l.774 
      ]
Package epstopdf Info: Source file: <Figures/por_LQ0obs.eps>
(epstopdf)                    date: 2017-12-09 16:00:17
(epstopdf)                    size: 1373475 bytes
(epstopdf)             Output file: <Figures/por_LQ0obs-eps-converted-to.pdf>
(epstopdf)                    date: 2017-12-09 16:00:30
(epstopdf)                    size: 14428 bytes
(epstopdf)             Command: <epstopdf --outfile=Figures/por_LQ0obs-eps-conv
erted-to.pdf Figures/por_LQ0obs.eps>
(epstopdf)             \includegraphics on input line 777.
Package epstopdf Info: Output file is already uptodate.

<Figures/por_LQ0obs-eps-converted-to.pdf, id=444, 421.575pt x 316.18124pt>
File: Figures/por_LQ0obs-eps-converted-to.pdf Graphic file (type pdf)

<use Figures/por_LQ0obs-eps-converted-to.pdf>
Package pdftex.def Info: Figures/por_LQ0obs-eps-converted-to.pdf used on input 
line 777.
(pdftex.def)             Requested size: 289.07999pt x 216.81442pt.


Package hyperref Warning: Token not allowed in a PDF string (PDFDocEncoding):
(hyperref)                removing `math shift' on input line 782.


Package hyperref Warning: Token not allowed in a PDF string (PDFDocEncoding):
(hyperref)                removing `superscript' on input line 782.


Package hyperref Warning: Token not allowed in a PDF string (PDFDocEncoding):
(hyperref)                removing `math shift' on input line 782.


LaTeX Warning: `h' float specifier changed to `ht'.

Package epstopdf Info: Source file: <Figures/por_LQ0PID.eps>
(epstopdf)                    date: 2017-12-09 16:22:27
(epstopdf)                    size: 1472309 bytes
(epstopdf)             Output file: <Figures/por_LQ0PID-eps-converted-to.pdf>
(epstopdf)                    date: 2017-12-09 16:30:31
(epstopdf)                    size: 17022 bytes
(epstopdf)             Command: <epstopdf --outfile=Figures/por_LQ0PID-eps-conv
erted-to.pdf Figures/por_LQ0PID.eps>
(epstopdf)             \includegraphics on input line 805.
Package epstopdf Info: Output file is already uptodate.
<Figures/por_LQ0PID-eps-converted-to.pdf, id=447, 421.575pt x 316.18124pt>
File: Figures/por_LQ0PID-eps-converted-to.pdf Graphic file (type pdf)

<use Figures/por_LQ0PID-eps-converted-to.pdf>
Package pdftex.def Info: Figures/por_LQ0PID-eps-converted-to.pdf used on input 
line 805.
(pdftex.def)             Requested size: 289.07999pt x 216.81442pt.
 [25pdfTeX warning (ext4): destination with the same identifier (name{figure.8.
1}) has been already used, duplicate ignored

\AtBegShi@Output ...ipout \box \AtBeginShipoutBox 
                                                  \fi \fi 
l.809 
      pdfTeX warning (ext4): destination with the same identifier (name{figure.
8.2}) has been already used, duplicate ignored

\AtBegShi@Output ...ipout \box \AtBeginShipoutBox 
                                                  \fi \fi 
l.809 
       <./Figures/por_LQ0-eps-converted-to.pdf> <./Figures/por_LQ0obs-eps-conve
rted-to.pdf>]

Package hyperref Warning: Token not allowed in a PDF string (PDFDocEncoding):
(hyperref)                removing `math shift' on input line 810.


Package hyperref Warning: Token not allowed in a PDF string (PDFDocEncoding):
(hyperref)                removing `superscript' on input line 810.


Package hyperref Warning: Token not allowed in a PDF string (PDFDocEncoding):
(hyperref)                removing `math shift' on input line 810.

Package epstopdf Info: Source file: <Figures/por_LQ18.eps>
(epstopdf)                    date: 2017-12-09 15:44:42
(epstopdf)                    size: 1431953 bytes
(epstopdf)             Output file: <Figures/por_LQ18-eps-converted-to.pdf>
(epstopdf)                    date: 2017-12-09 15:46:05
(epstopdf)                    size: 15871 bytes
(epstopdf)             Command: <epstopdf --outfile=Figures/por_LQ18-eps-conver
ted-to.pdf Figures/por_LQ18.eps>
(epstopdf)             \includegraphics on input line 832.
Package epstopdf Info: Output file is already uptodate.
<Figures/por_LQ18-eps-converted-to.pdf, id=464, 421.575pt x 316.18124pt>
File: Figures/por_LQ18-eps-converted-to.pdf Graphic file (type pdf)

<use Figures/por_LQ18-eps-converted-to.pdf>
Package pdftex.def Info: Figures/por_LQ18-eps-converted-to.pdf used on input li
ne 832.
(pdftex.def)             Requested size: 289.07999pt x 216.81442pt.
 [26pdfTeX warning (ext4): destination with the same identifier (name{table.3})
 has been already used, duplicate ignored

\AtBegShi@Output ...ipout \box \AtBeginShipoutBox 
                                                  \fi \fi 
l.836 
      pdfTeX warning (ext4): destination with the same identifier (name{figure.
8.3}) has been already used, duplicate ignored

\AtBegShi@Output ...ipout \box \AtBeginShipoutBox 
                                                  \fi \fi 
l.836 
      pdfTeX warning (ext4): destination with the same identifier (name{table.4
}) has been already used, duplicate ignored

\AtBegShi@Output ...ipout \box \AtBeginShipoutBox 
                                                  \fi \fi 
l.836 
       <./Figures/por_LQ0PID-eps-converted-to.pdf>]

Package hyperref Warning: Token not allowed in a PDF string (PDFDocEncoding):
(hyperref)                removing `math shift' on input line 837.


Package hyperref Warning: Token not allowed in a PDF string (PDFDocEncoding):
(hyperref)                removing `superscript' on input line 837.


Package hyperref Warning: Token not allowed in a PDF string (PDFDocEncoding):
(hyperref)                removing `math shift' on input line 837.

Package epstopdf Info: Source file: <Figures/por_LQ9.eps>
(epstopdf)                    date: 2017-12-09 15:48:17
(epstopdf)                    size: 231986 bytes
(epstopdf)             Output file: <Figures/por_LQ9-eps-converted-to.pdf>
(epstopdf)                    date: 2017-12-09 15:48:43
(epstopdf)                    size: 14516 bytes
(epstopdf)             Command: <epstopdf --outfile=Figures/por_LQ9-eps-convert
ed-to.pdf Figures/por_LQ9.eps>
(epstopdf)             \includegraphics on input line 859.
Package epstopdf Info: Output file is already uptodate.
<Figures/por_LQ9-eps-converted-to.pdf, id=474, 421.575pt x 316.18124pt>
File: Figures/por_LQ9-eps-converted-to.pdf Graphic file (type pdf)

<use Figures/por_LQ9-eps-converted-to.pdf>
Package pdftex.def Info: Figures/por_LQ9-eps-converted-to.pdf used on input lin
e 859.
(pdftex.def)             Requested size: 289.07999pt x 216.81442pt.

Overfull \hbox (4.3392pt too wide) in paragraph at lines 864--864
[]\OT4/cmr/bx/n/12 Stabilizacja dla ste-ro-wa-nia po-czt-ko-wego wy-li-czo-neg
o w in-nym punk-
 []

[27pdfTeX warning (ext4): destination with the same identifier (name{figure.8.4
}) has been already used, duplicate ignored

\AtBegShi@Output ...ipout \box \AtBeginShipoutBox 
                                                  \fi \fi 
l.881 
      pdfTeX warning (ext4): destination with the same identifier (name{table.5
}) has been already used, duplicate ignored

\AtBegShi@Output ...ipout \box \AtBeginShipoutBox 
                                                  \fi \fi 
l.881 
      pdfTeX warning (ext4): destination with the same identifier (name{figure.
8.5}) has been already used, duplicate ignored

\AtBegShi@Output ...ipout \box \AtBeginShipoutBox 
                                                  \fi \fi 
l.881 
       <./Figures/por_LQ18-eps-converted-to.pdf> <./Figures/por_LQ9-eps-convert
ed-to.pdf>]
Package epstopdf Info: Source file: <Figures/porLQ9_u.eps>
(epstopdf)                    date: 2017-12-09 16:05:42
(epstopdf)                    size: 221514 bytes
(epstopdf)             Output file: <Figures/porLQ9_u-eps-converted-to.pdf>
(epstopdf)                    date: 2017-12-09 16:06:56
(epstopdf)                    size: 13280 bytes
(epstopdf)             Command: <epstopdf --outfile=Figures/porLQ9_u-eps-conver
ted-to.pdf Figures/porLQ9_u.eps>
(epstopdf)             \includegraphics on input line 884.
Package epstopdf Info: Output file is already uptodate.

<Figures/porLQ9_u-eps-converted-to.pdf, id=490, 421.575pt x 316.18124pt>
File: Figures/porLQ9_u-eps-converted-to.pdf Graphic file (type pdf)

<use Figures/porLQ9_u-eps-converted-to.pdf>
Package pdftex.def Info: Figures/porLQ9_u-eps-converted-to.pdf used on input li
ne 884.
(pdftex.def)             Requested size: 289.07999pt x 216.81442pt.
Package epstopdf Info: Source file: <Figures/por_foll_LQLQI.eps>
(epstopdf)                    date: 2017-12-09 15:33:24
(epstopdf)                    size: 238328 bytes
(epstopdf)             Output file: <Figures/por_foll_LQLQI-eps-converted-to.pd
f>
(epstopdf)                    date: 2017-12-09 15:35:33
(epstopdf)                    size: 38692 bytes
(epstopdf)             Command: <epstopdf --outfile=Figures/por_foll_LQLQI-eps-
converted-to.pdf Figures/por_foll_LQLQI.eps>
(epstopdf)             \includegraphics on input line 901.
Package epstopdf Info: Output file is already uptodate.

<Figures/por_foll_LQLQI-eps-converted-to.pdf, id=492, 421.575pt x 316.18124pt>
File: Figures/por_foll_LQLQI-eps-converted-to.pdf Graphic file (type pdf)

<use Figures/por_foll_LQLQI-eps-converted-to.pdf>
Package pdftex.def Info: Figures/por_foll_LQLQI-eps-converted-to.pdf used on in
put line 901.
(pdftex.def)             Requested size: 289.07999pt x 216.81442pt.
 [28pdfTeX warning (ext4): destination with the same identifier (name{table.6})
 has been already used, duplicate ignored

\AtBegShi@Output ...ipout \box \AtBeginShipoutBox 
                                                  \fi \fi 
l.905 
      pdfTeX warning (ext4): destination with the same identifier (name{figure.
8.6}) has been already used, duplicate ignored

\AtBegShi@Output ...ipout \box \AtBeginShipoutBox 
                                                  \fi \fi 
l.905 
       <./Figures/porLQ9_u-eps-converted-to.pdf>] (LP.bbl)

AED: lastpage setting LastPage
[29pdfTeX warning (ext4): destination with the same identifier (name{figure.8.7
}) has been already used, duplicate ignored

\AtBegShi@Output ...ipout \box \AtBeginShipoutBox 
                                                  \fi \fi 
l.1383 \end{document}
                      <./Figures/por_foll_LQLQI-eps-converted-to.pdf>]
Package atveryend Info: Empty hook `BeforeClearDocument' on input line 1383.
Package atveryend Info: Empty hook `AfterLastShipout' on input line 1383.
 (LP.aux)
Package atveryend Info: Executing hook `AtVeryEndDocument' on input line 1383.
Package atveryend Info: Executing hook `AtEndAfterFileList' on input line 1383.

Package rerunfilecheck Info: File `LP.out' has not changed.
(rerunfilecheck)             Checksum: 4F315C2245B2FDD9F594E71AA10CDC80;1954.

LaTeX Warning: There were undefined references.

Package atveryend Info: Empty hook `AtVeryVeryEnd' on input line 1383.
 ) 
Here is how much of TeX's memory you used:
 18987 strings out of 493334
 356600 string characters out of 3136669
 433034 words of memory out of 3000000
 22084 multiletter control sequences out of 15000+200000
 19433 words of font info for 58 fonts, out of 3000000 for 9000
 1141 hyphenation exceptions out of 8191
 42i,18n,43p,10415b,739s stack positions out of 5000i,500n,10000p,200000b,50000s
{d:/Program Files (x86)/MiKTeX 2.9/fonts/enc/dvips/pl/plrm.enc}{d:/Program Fi
les (x86)/MiKTeX 2.9/fonts/enc/dvips/pl/plms.enc}{d:/Program Files (x86)/MiKTeX
 2.9/fonts/enc/dvips/pl/plmi.enc}{d:/Program Files (x86)/MiKTeX 2.9/fonts/enc/d
vips/pl/plme.enc}{d:/Program Files (x86)/MiKTeX 2.9/fonts/enc/dvips/pl/plit.enc
}<d:/Program Files (x86)/MiKTeX 2.9/fonts/type1/public/pl/plbx10.pfb><d:/Progra
m Files (x86)/MiKTeX 2.9/fonts/type1/public/pl/plbx12.pfb><d:/Program Files (x8
6)/MiKTeX 2.9/fonts/type1/public/pl/plex10.pfb><d:/Program Files (x86)/MiKTeX 2
.9/fonts/type1/public/pl/plmi10.pfb><d:/Program Files (x86)/MiKTeX 2.9/fonts/ty
pe1/public/pl/plmi6.pfb><d:/Program Files (x86)/MiKTeX 2.9/fonts/type1/public/p
l/plmi8.pfb><d:/Program Files (x86)/MiKTeX 2.9/fonts/type1/public/pl/plr10.pfb>
<d:/Program Files (x86)/MiKTeX 2.9/fonts/type1/public/pl/plr12.pfb><d:/Program 
Files (x86)/MiKTeX 2.9/fonts/type1/public/pl/plr6.pfb><d:/Program Files (x86)/M
iKTeX 2.9/fonts/type1/public/pl/plr8.pfb><d:/Program Files (x86)/MiKTeX 2.9/fon
ts/type1/public/pl/plsy10.pfb><d:/Program Files (x86)/MiKTeX 2.9/fonts/type1/pu
blic/pl/plsy6.pfb><d:/Program Files (x86)/MiKTeX 2.9/fonts/type1/public/pl/plsy
8.pfb><d:/Program Files (x86)/MiKTeX 2.9/fonts/type1/public/pl/plti10.pfb>
Output written on LP.pdf (29 pages, 1177835 bytes).
PDF statistics:
 592 PDF objects out of 1000 (max. 8388607)
 145 named destinations out of 1000 (max. 500000)
 343 words of extra memory for PDF output out of 10000 (max. 10000000)

