\BOOKMARK [1][-]{section.1}{Wstep}{}% 1
\BOOKMARK [2][-]{subsection.1.1}{Zalozenia}{section.1}% 2
\BOOKMARK [2][-]{subsection.1.2}{Opis obiektu}{section.1}% 3
\BOOKMARK [1][-]{section.2}{Model matematyczny}{}% 4
\BOOKMARK [1][-]{section.3}{Identyfikacja}{}% 5
\BOOKMARK [2][-]{subsection.3.1}{Predkosc katowa z pradnicy tachometrycznej}{section.3}% 6
\BOOKMARK [2][-]{subsection.3.2}{Moment niewywazenia}{section.3}% 7
\BOOKMARK [2][-]{subsection.3.3}{Moment sily generowany przez silnik gl\363wny}{section.3}% 8
\BOOKMARK [2][-]{subsection.3.4}{Zaleznosc opor\363w ruchu od predkosci obrotowej smigla gl\363wnego}{section.3}% 9
\BOOKMARK [2][-]{subsection.3.5}{Parametry modelu ukladu silnik DC - smiglo gl\363wne}{section.3}% 10
\BOOKMARK [2][-]{subsection.3.6}{Moment bezwladnosci kladu dla osi poziomej}{section.3}% 11
\BOOKMARK [2][-]{subsection.3.7}{Zaleznosc opor\363w ruchu od predkosci obrotowej smigla bocznego}{section.3}% 12
\BOOKMARK [2][-]{subsection.3.8}{Parametry modelu ukladu silnik DC - smiglo boczne}{section.3}% 13
\BOOKMARK [2][-]{subsection.3.9}{Moment sily generowany przez silnik boczny}{section.3}% 14
\BOOKMARK [1][-]{section.4}{Punkt r\363wnowagi}{}% 15
\BOOKMARK [1][-]{section.5}{Linearyzacja}{}% 16
\BOOKMARK [1][-]{section.6}{Obserwator Luenbergera dla modelu zlinearyzowanego}{}% 17
\BOOKMARK [1][-]{section.7}{Regulator LQ}{}% 18
\BOOKMARK [1][-]{section.8}{Regulator LQI}{}% 19
\BOOKMARK [1][-]{section.9}{Regulator PID}{}% 20
\BOOKMARK [1][-]{section.10}{Por\363wnanie dzialania regulator\363w}{}% 21
\BOOKMARK [2][-]{subsection.10.1}{Por\363wnanie dzialania regulator\363w LQ i LQI z i bez obserwatora}{section.10}% 22
\BOOKMARK [2][-]{subsection.10.2}{Stabilizacja w polozeniu Lg}{section.10}% 23
\BOOKMARK [2][-]{subsection.10.3}{Stabilizacja w polozeniu Lg}{section.10}% 24
\BOOKMARK [2][-]{subsection.10.4}{Stabilizacja w polozeniu Lg}{section.10}% 25
\BOOKMARK [2][-]{subsection.10.5}{Stabilizacja dla sterowania wyliczonego w innym punkcie niz wartosc zadana.}{section.10}% 26
\BOOKMARK [2][-]{subsection.10.6}{Zadanie nadazania}{section.10}% 27
\BOOKMARK [2][-]{subsection.10.7}{Wnioski}{section.10}% 28
\BOOKMARK [1][-]{section.11}{Podsumowanie}{}% 29
